Using pre-set license
Built from '2020.3/staging' branch; Version is '2020.3.21f1 (a38c86f6690f) revision 10718342'; Using compiler version '192528614'; Build Type 'Release'
OS: 'Windows 10 Home; OS build 19043.1348; Version 2009; 64bit' Language: 'en' Physical Memory: 8077 MB
BatchMode: 1, IsHumanControllingUs: 0, StartBugReporterOnCrash: 0, Is64bit: 1, IsPro: 0

COMMAND LINE ARGUMENTS:
C:\Program Files\Unity\Hub\Editor\2020.3.21f1\Editor\Unity.exe
-adb2
-batchMode
-noUpm
-name
AssetImportWorker0
-projectPath
C:/Users/user/GameJam2021/GameJam2021
-logFile
Logs/AssetImportWorker0.log
-srvPort
64822
Successfully changed project path to: C:/Users/user/GameJam2021/GameJam2021
C:/Users/user/GameJam2021/GameJam2021
Using Asset Import Pipeline V2.
Refreshing native plugins compatible for Editor in 76.91 ms, found 2 plugins.
Preloading 0 native plugins for Editor in 0.00 ms.
Initialize engine version: 2020.3.21f1 (a38c86f6690f)
[Subsystems] Discovering subsystems at path C:/Program Files/Unity/Hub/Editor/2020.3.21f1/Editor/Data/Resources/UnitySubsystems
[Subsystems] Discovering subsystems at path C:/Users/user/GameJam2021/GameJam2021/Assets
GfxDevice: creating device client; threaded=0
Direct3D:
    Version:  Direct3D 11.0 [level 11.0]
    Renderer: NVIDIA GeForce GTX 765M (ID=0x11e1)
    Vendor:   
    VRAM:     2017 MB
    Driver:   21.21.13.6909
Initialize mono
Mono path[0] = 'C:/Program Files/Unity/Hub/Editor/2020.3.21f1/Editor/Data/Managed'
Mono path[1] = 'C:/Program Files/Unity/Hub/Editor/2020.3.21f1/Editor/Data/MonoBleedingEdge/lib/mono/unityjit'
Mono config path = 'C:/Program Files/Unity/Hub/Editor/2020.3.21f1/Editor/Data/MonoBleedingEdge/etc'
Using monoOptions --debugger-agent=transport=dt_socket,embedding=1,server=y,suspend=n,address=127.0.0.1:56644
Begin MonoManager ReloadAssembly
Registering precompiled unity dll's ...
Register platform support module: C:/Program Files/Unity/Hub/Editor/2020.3.21f1/Editor/Data/PlaybackEngines/WebGLSupport/UnityEditor.WebGL.Extensions.dll
Register platform support module: C:/Program Files/Unity/Hub/Editor/2020.3.21f1/Editor/Data/PlaybackEngines/MacStandaloneSupport/UnityEditor.OSXStandalone.Extensions.dll
Register platform support module: C:/Program Files/Unity/Hub/Editor/2020.3.21f1/Editor/Data/PlaybackEngines/WindowsStandaloneSupport/UnityEditor.WindowsStandalone.Extensions.dll
Register platform support module: C:/Program Files/Unity/Hub/Editor/2020.3.21f1/Editor/Data/PlaybackEngines/LuminSupport/UnityEditor.Lumin.Extensions.dll
Registered in 0.007899 seconds.
Native extension for Lumin target not found
Native extension for WindowsStandalone target not found
Native extension for OSXStandalone target not found
Native extension for WebGL target not found
Refreshing native plugins compatible for Editor in 63.74 ms, found 2 plugins.
Preloading 0 native plugins for Editor in 0.00 ms.
Mono: successfully reloaded assembly
- Completed reload, in  6.961 seconds
Domain Reload Profiling:
	ReloadAssembly (6961ms)
		BeginReloadAssembly (89ms)
			ExecutionOrderSort (0ms)
			DisableScriptedObjects (0ms)
			BackupInstance (0ms)
			ReleaseScriptingObjects (0ms)
			CreateAndSetChildDomain (1ms)
		EndReloadAssembly (843ms)
			LoadAssemblies (89ms)
			RebuildTransferFunctionScriptingTraits (0ms)
			SetupTypeCache (305ms)
			ReleaseScriptCaches (0ms)
			RebuildScriptCaches (48ms)
			SetupLoadedEditorAssemblies (332ms)
				LogAssemblyErrors (0ms)
				InitializePlatformSupportModulesInManaged (9ms)
				SetLoadedEditorAssemblies (0ms)
				RefreshPlugins (64ms)
				BeforeProcessingInitializeOnLoad (44ms)
				ProcessInitializeOnLoadAttributes (143ms)
				ProcessInitializeOnLoadMethodAttributes (70ms)
				AfterProcessingInitializeOnLoad (0ms)
				EditorAssembliesLoaded (0ms)
			ExecutionOrderSort2 (0ms)
			AwakeInstancesAfterBackupRestoration (0ms)
Platform modules already initialized, skipping
Registering precompiled user dll's ...
Registered in 0.026995 seconds.
Begin MonoManager ReloadAssembly
Native extension for Lumin target not found
Native extension for WindowsStandalone target not found
Native extension for OSXStandalone target not found
Native extension for WebGL target not found
Refreshing native plugins compatible for Editor in 0.60 ms, found 2 plugins.
Preloading 0 native plugins for Editor in 0.00 ms.
Mono: successfully reloaded assembly
- Completed reload, in  1.885 seconds
Domain Reload Profiling:
	ReloadAssembly (1887ms)
		BeginReloadAssembly (230ms)
			ExecutionOrderSort (0ms)
			DisableScriptedObjects (7ms)
			BackupInstance (0ms)
			ReleaseScriptingObjects (0ms)
			CreateAndSetChildDomain (29ms)
		EndReloadAssembly (1542ms)
			LoadAssemblies (193ms)
			RebuildTransferFunctionScriptingTraits (0ms)
			SetupTypeCache (533ms)
			ReleaseScriptCaches (1ms)
			RebuildScriptCaches (74ms)
			SetupLoadedEditorAssemblies (580ms)
				LogAssemblyErrors (0ms)
				InitializePlatformSupportModulesInManaged (11ms)
				SetLoadedEditorAssemblies (1ms)
				RefreshPlugins (1ms)
				BeforeProcessingInitializeOnLoad (147ms)
				ProcessInitializeOnLoadAttributes (390ms)
				ProcessInitializeOnLoadMethodAttributes (17ms)
				AfterProcessingInitializeOnLoad (13ms)
				EditorAssembliesLoaded (0ms)
			ExecutionOrderSort2 (0ms)
			AwakeInstancesAfterBackupRestoration (11ms)
Platform modules already initialized, skipping
========================================================================
Worker process is ready to serve import requests
Launched and connected shader compiler UnityShaderCompiler.exe after 0.14 seconds
Refreshing native plugins compatible for Editor in 0.73 ms, found 2 plugins.
Preloading 0 native plugins for Editor in 0.00 ms.
Unloading 1882 Unused Serialized files (Serialized files now loaded: 0)
System memory in use before: 84.8 MB.
System memory in use after: 84.9 MB.

Unloading 19 unused Assets to reduce memory usage. Loaded Objects now: 2320.
Total: 5.265900 ms (FindLiveObjects: 0.347500 ms CreateObjectMapping: 0.243500 ms MarkObjects: 4.484400 ms  DeleteObjects: 0.188400 ms)

AssetImportParameters requested are different than current active one (requested -> active):
  custom:framework-win-MediaFoundation: 216162199b28c13a410421893ffa2e32 -> 
  custom:video-decoder-ogg-theora: a1e56fd34408186e4bbccfd4996cb3dc -> 
  custom:container-muxer-webm: aa71ff27fc2769a1b78a27578f13a17b -> 
  custom:container-demuxer-webm: 4f35f7cbe854078d1ac9338744f61a02 -> 
  custom:container-demuxer-ogg: 62fdf1f143b41e24485cea50d1cbac27 -> 
  custom:video-encoder-webm-vp8: eb34c28f22e8b96e1ab97ce403110664 -> 
  custom:video-decoder-webm-vp8: 9c59270c3fd7afecdb556c50c9e8de78 -> 
  custom:audio-decoder-ogg-vorbis: bf7c407c2cedff20999df2af8eb42d56 -> 
  custom:audio-encoder-webm-vorbis: bf7c407c2cedff20999df2af8eb42d56 -> 
========================================================================
Received Import Request.
  path: Assets/Lowpoly Forest Pack/Prefabs/Rock03.prefab
  artifactKey: Guid(eafc3ed33a697a4479cb6159bf405fed) Importer(815301076,1909f56bfc062723c751e8b465ee728b)
Start importing Assets/Lowpoly Forest Pack/Prefabs/Rock03.prefab using Guid(eafc3ed33a697a4479cb6159bf405fed) Importer(815301076,1909f56bfc062723c751e8b465ee728b)  -> (artifact id: '1615ed10d0cf87d3d47c18122cda8de8') in 0.164881 seconds 
  Import took 0.169915 seconds .

========================================================================
Received Import Request.
  Time since last request: 0.000295 seconds.
  path: Assets/Lowpoly Forest Pack/Prefabs/Bush02.prefab
  artifactKey: Guid(a158e0d71b9d28a449578a6a542211cb) Importer(815301076,1909f56bfc062723c751e8b465ee728b)
Start importing Assets/Lowpoly Forest Pack/Prefabs/Bush02.prefab using Guid(a158e0d71b9d28a449578a6a542211cb) Importer(815301076,1909f56bfc062723c751e8b465ee728b)  -> (artifact id: '3376402124e7a3ea20979ecde219b64e') in 0.038939 seconds 
  Import took 0.044544 seconds .

========================================================================
Received Import Request.
  Time since last request: 0.000306 seconds.
  path: Assets/Lowpoly Forest Pack/Prefabs/Tree04.prefab
  artifactKey: Guid(5b8d1200b09c3384bafaef83c5cfc6df) Importer(815301076,1909f56bfc062723c751e8b465ee728b)
Start importing Assets/Lowpoly Forest Pack/Prefabs/Tree04.prefab using Guid(5b8d1200b09c3384bafaef83c5cfc6df) Importer(815301076,1909f56bfc062723c751e8b465ee728b)  -> (artifact id: 'd93d4bc0d97429697c4574637939ffb8') in 0.027935 seconds 
  Import took 0.034691 seconds .

========================================================================
Received Import Request.
  Time since last request: 0.000351 seconds.
  path: Assets/Lowpoly Forest Pack/Prefabs/Tree02.prefab
  artifactKey: Guid(98791aa43884f864e8efd816a7841eac) Importer(815301076,1909f56bfc062723c751e8b465ee728b)
Start importing Assets/Lowpoly Forest Pack/Prefabs/Tree02.prefab using Guid(98791aa43884f864e8efd816a7841eac) Importer(815301076,1909f56bfc062723c751e8b465ee728b)  -> (artifact id: '1374dc312ec430b3b6b88fa87800ada3') in 0.045673 seconds 
  Import took 0.057754 seconds .

========================================================================
Received Import Request.
  Time since last request: 0.000325 seconds.
  path: Assets/Lowpoly Forest Pack/Prefabs/Rock01.prefab
  artifactKey: Guid(c3fedfe66013d4549b77ea039e3076c0) Importer(815301076,1909f56bfc062723c751e8b465ee728b)
Start importing Assets/Lowpoly Forest Pack/Prefabs/Rock01.prefab using Guid(c3fedfe66013d4549b77ea039e3076c0) Importer(815301076,1909f56bfc062723c751e8b465ee728b)  -> (artifact id: '4c617ad272e6048a240cbd116717cb99') in 0.025138 seconds 
  Import took 0.035185 seconds .

========================================================================
Received Import Request.
  Time since last request: 0.000428 seconds.
  path: Assets/Lowpoly Forest Pack/Prefabs/Bush03.prefab
  artifactKey: Guid(d0a555f42830f0b4ea42031195259d2a) Importer(815301076,1909f56bfc062723c751e8b465ee728b)
Start importing Assets/Lowpoly Forest Pack/Prefabs/Bush03.prefab using Guid(d0a555f42830f0b4ea42031195259d2a) Importer(815301076,1909f56bfc062723c751e8b465ee728b)  -> (artifact id: 'b79a78e40c53608e42aeca337a6a8444') in 0.035254 seconds 
  Import took 0.044572 seconds .

========================================================================
Received Import Request.
  Time since last request: 0.000327 seconds.
  path: Assets/Lowpoly Forest Pack/Prefabs/Rock02.prefab
  artifactKey: Guid(61efeedd509c7d44eb2acbc1b56a1e8f) Importer(815301076,1909f56bfc062723c751e8b465ee728b)
Start importing Assets/Lowpoly Forest Pack/Prefabs/Rock02.prefab using Guid(61efeedd509c7d44eb2acbc1b56a1e8f) Importer(815301076,1909f56bfc062723c751e8b465ee728b)  -> (artifact id: '8ac9b9d265f209f76bc91717b453848c') in 0.029837 seconds 
  Import took 0.039646 seconds .

========================================================================
Received Import Request.
  Time since last request: 0.000249 seconds.
  path: Assets/Lowpoly Forest Pack/Prefabs/Tree03.prefab
  artifactKey: Guid(a95f4c541fb4d8242a4b693503adb360) Importer(815301076,1909f56bfc062723c751e8b465ee728b)
Start importing Assets/Lowpoly Forest Pack/Prefabs/Tree03.prefab using Guid(a95f4c541fb4d8242a4b693503adb360) Importer(815301076,1909f56bfc062723c751e8b465ee728b)  -> (artifact id: '2d5c0cfa65f8da20e346aa110d9ec6d6') in 0.030290 seconds 
  Import took 0.035823 seconds .

========================================================================
Received Import Request.
  Time since last request: 0.000273 seconds.
  path: Assets/Lowpoly Forest Pack/Prefabs/Bush04.prefab
  artifactKey: Guid(a3acb8a3e5ab6ff4db49b7c35b6c1f10) Importer(815301076,1909f56bfc062723c751e8b465ee728b)
Start importing Assets/Lowpoly Forest Pack/Prefabs/Bush04.prefab using Guid(a3acb8a3e5ab6ff4db49b7c35b6c1f10) Importer(815301076,1909f56bfc062723c751e8b465ee728b)  -> (artifact id: 'a6198d5ddb2c8c097df898d5bd53123c') in 0.016945 seconds 
  Import took 0.022029 seconds .

========================================================================
Received Import Request.
  Time since last request: 0.000254 seconds.
  path: Assets/Lowpoly Forest Pack/Prefabs/Mushroom01.prefab
  artifactKey: Guid(07c1cd67eb401c84e99a21fb60b216a1) Importer(815301076,1909f56bfc062723c751e8b465ee728b)
Start importing Assets/Lowpoly Forest Pack/Prefabs/Mushroom01.prefab using Guid(07c1cd67eb401c84e99a21fb60b216a1) Importer(815301076,1909f56bfc062723c751e8b465ee728b)  -> (artifact id: 'ed9d0e483eb7033e3f837fc0775a8c8e') in 0.020531 seconds 
  Import took 0.063227 seconds .

========================================================================
Received Import Request.
  Time since last request: 0.000265 seconds.
  path: Assets/Lowpoly Forest Pack/Prefabs/Bush01.prefab
  artifactKey: Guid(c309f1fdc1ba06e4a849cdd8749eacef) Importer(815301076,1909f56bfc062723c751e8b465ee728b)
Start importing Assets/Lowpoly Forest Pack/Prefabs/Bush01.prefab using Guid(c309f1fdc1ba06e4a849cdd8749eacef) Importer(815301076,1909f56bfc062723c751e8b465ee728b)  -> (artifact id: 'bf06162503faba527b59d9f6f0c2e349') in 0.028723 seconds 
  Import took 0.091968 seconds .

========================================================================
Received Import Request.
  Time since last request: 0.000255 seconds.
  path: Assets/Lowpoly Forest Pack/Prefabs/Tree01.prefab
  artifactKey: Guid(30c6835c55f25574fb0de0175012fd4e) Importer(815301076,1909f56bfc062723c751e8b465ee728b)
Start importing Assets/Lowpoly Forest Pack/Prefabs/Tree01.prefab using Guid(30c6835c55f25574fb0de0175012fd4e) Importer(815301076,1909f56bfc062723c751e8b465ee728b)  -> (artifact id: '0b01733a49ba4cfbf1447e768e6b14fb') in 0.029189 seconds 
  Import took 0.094622 seconds .

========================================================================
Received Import Request.
  Time since last request: 0.000273 seconds.
  path: Assets/Lowpoly Forest Pack/Prefabs/Tree05.prefab
  artifactKey: Guid(600491ce39e51af4e88e958fad3f21d1) Importer(815301076,1909f56bfc062723c751e8b465ee728b)
Start importing Assets/Lowpoly Forest Pack/Prefabs/Tree05.prefab using Guid(600491ce39e51af4e88e958fad3f21d1) Importer(815301076,1909f56bfc062723c751e8b465ee728b)  -> (artifact id: '7d0559200223fa32aabd569bc646ce38') in 0.022211 seconds 
  Import took 0.026659 seconds .

========================================================================
Received Import Request.
  Time since last request: 0.000249 seconds.
  path: Assets/Lowpoly Forest Pack/Prefabs/Tree06.prefab
  artifactKey: Guid(415b8efaaafe2894d8b83242001cc681) Importer(815301076,1909f56bfc062723c751e8b465ee728b)
Start importing Assets/Lowpoly Forest Pack/Prefabs/Tree06.prefab using Guid(415b8efaaafe2894d8b83242001cc681) Importer(815301076,1909f56bfc062723c751e8b465ee728b)  -> (artifact id: '5c2f8eb71eaa99c70e14ec1c5b76eedc') in 0.024773 seconds 
  Import took 0.029275 seconds .

========================================================================
Received Import Request.
  Time since last request: 303.608265 seconds.
  path: Assets/Scripts/Gun.fbx
  artifactKey: Guid(57750a546af16c34199ef5d40b031163) Importer(815301076,1909f56bfc062723c751e8b465ee728b)
Start importing Assets/Scripts/Gun.fbx using Guid(57750a546af16c34199ef5d40b031163) Importer(815301076,1909f56bfc062723c751e8b465ee728b)  -> (artifact id: '3b57782dee9b6477fc1d24e32fcdda2c') in 0.282307 seconds 
  Import took 0.289264 seconds .

========================================================================
Received Import Request.
  Time since last request: 135.651381 seconds.
  path: ProjectSettings/TagManager.asset
  artifactKey: Guid(00000000000000003000000000000000) Importer(815301076,1909f56bfc062723c751e8b465ee728b)
Start importing ProjectSettings/TagManager.asset using Guid(00000000000000003000000000000000) Importer(815301076,1909f56bfc062723c751e8b465ee728b)  -> (artifact id: 'ce6a35c3cddc746e7501c0bd0ed6d4ce') in 0.022924 seconds 
  Import took 0.032313 seconds .

========================================================================
Received Import Request.
  Time since last request: 281.435526 seconds.
  path: Assets/Scripts/Blue.mat
  artifactKey: Guid(e7f9d6a50ef067645a24735132cee885) Importer(815301076,1909f56bfc062723c751e8b465ee728b)
Start importing Assets/Scripts/Blue.mat using Guid(e7f9d6a50ef067645a24735132cee885) Importer(815301076,1909f56bfc062723c751e8b465ee728b)  -> (artifact id: '2d109f64d9009ed5ae40f7ca8c1c5958') in 0.065221 seconds 
  Import took 0.070881 seconds .

========================================================================
Received Import Request.
  Time since last request: 115.350778 seconds.
  path: Assets/Scripts/Speedy_Follow.cs
  artifactKey: Guid(3d24ab2d13b13cf4b8ffd85cd404d284) Importer(815301076,1909f56bfc062723c751e8b465ee728b)
Start importing Assets/Scripts/Speedy_Follow.cs using Guid(3d24ab2d13b13cf4b8ffd85cd404d284) Importer(815301076,1909f56bfc062723c751e8b465ee728b)  -> (artifact id: 'b449ea4cac1370d8e8044790ae3ebc2c') in 0.032473 seconds 
  Import took 0.037360 seconds .

========================================================================
Received Prepare
Registering precompiled user dll's ...
Registered in 0.014579 seconds.
Begin MonoManager ReloadAssembly
Native extension for Lumin target not found
Native extension for WindowsStandalone target not found
Native extension for OSXStandalone target not found
Native extension for WebGL target not found
Refreshing native plugins compatible for Editor in 0.61 ms, found 2 plugins.
Preloading 0 native plugins for Editor in 0.00 ms.
Mono: successfully reloaded assembly
- Completed reload, in  1.794 seconds
Domain Reload Profiling:
	ReloadAssembly (1795ms)
		BeginReloadAssembly (202ms)
			ExecutionOrderSort (0ms)
			DisableScriptedObjects (6ms)
			BackupInstance (0ms)
			ReleaseScriptingObjects (0ms)
			CreateAndSetChildDomain (60ms)
		EndReloadAssembly (1479ms)
			LoadAssemblies (168ms)
			RebuildTransferFunctionScriptingTraits (0ms)
			SetupTypeCache (587ms)
			ReleaseScriptCaches (1ms)
			RebuildScriptCaches (65ms)
			SetupLoadedEditorAssemblies (489ms)
				LogAssemblyErrors (0ms)
				InitializePlatformSupportModulesInManaged (11ms)
				SetLoadedEditorAssemblies (1ms)
				RefreshPlugins (1ms)
				BeforeProcessingInitializeOnLoad (130ms)
				ProcessInitializeOnLoadAttributes (324ms)
				ProcessInitializeOnLoadMethodAttributes (12ms)
				AfterProcessingInitializeOnLoad (10ms)
				EditorAssembliesLoaded (0ms)
			ExecutionOrderSort2 (0ms)
			AwakeInstancesAfterBackupRestoration (10ms)
Platform modules already initialized, skipping
Refreshing native plugins compatible for Editor in 0.61 ms, found 2 plugins.
Preloading 0 native plugins for Editor in 0.00 ms.
Unloading 1852 Unused Serialized files (Serialized files now loaded: 0)
System memory in use before: 86.0 MB.
System memory in use after: 86.1 MB.

Unloading 15 unused Assets to reduce memory usage. Loaded Objects now: 2365.
Total: 4.465500 ms (FindLiveObjects: 0.293500 ms CreateObjectMapping: 0.183600 ms MarkObjects: 3.961200 ms  DeleteObjects: 0.025900 ms)

AssetImportParameters requested are different than current active one (requested -> active):
  custom:framework-win-MediaFoundation: 216162199b28c13a410421893ffa2e32 -> 
  custom:video-decoder-ogg-theora: a1e56fd34408186e4bbccfd4996cb3dc -> 
  custom:container-muxer-webm: aa71ff27fc2769a1b78a27578f13a17b -> 
  custom:container-demuxer-webm: 4f35f7cbe854078d1ac9338744f61a02 -> 
  custom:container-demuxer-ogg: 62fdf1f143b41e24485cea50d1cbac27 -> 
  custom:video-encoder-webm-vp8: eb34c28f22e8b96e1ab97ce403110664 -> 
  custom:video-decoder-webm-vp8: 9c59270c3fd7afecdb556c50c9e8de78 -> 
  custom:audio-decoder-ogg-vorbis: bf7c407c2cedff20999df2af8eb42d56 -> 
  custom:audio-encoder-webm-vorbis: bf7c407c2cedff20999df2af8eb42d56 -> 
========================================================================
Received Prepare
Registering precompiled user dll's ...
Registered in 0.015043 seconds.
Begin MonoManager ReloadAssembly
Native extension for Lumin target not found
Native extension for WindowsStandalone target not found
Native extension for OSXStandalone target not found
Native extension for WebGL target not found
Refreshing native plugins compatible for Editor in 0.72 ms, found 2 plugins.
Preloading 0 native plugins for Editor in 0.00 ms.
Mono: successfully reloaded assembly
- Completed reload, in  1.994 seconds
Domain Reload Profiling:
	ReloadAssembly (1994ms)
		BeginReloadAssembly (197ms)
			ExecutionOrderSort (0ms)
			DisableScriptedObjects (10ms)
			BackupInstance (0ms)
			ReleaseScriptingObjects (0ms)
			CreateAndSetChildDomain (52ms)
		EndReloadAssembly (1659ms)
			LoadAssemblies (173ms)
			RebuildTransferFunctionScriptingTraits (0ms)
			SetupTypeCache (625ms)
			ReleaseScriptCaches (2ms)
			RebuildScriptCaches (69ms)
			SetupLoadedEditorAssemblies (570ms)
				LogAssemblyErrors (0ms)
				InitializePlatformSupportModulesInManaged (12ms)
				SetLoadedEditorAssemblies (1ms)
				RefreshPlugins (1ms)
				BeforeProcessingInitializeOnLoad (153ms)
				ProcessInitializeOnLoadAttributes (379ms)
				ProcessInitializeOnLoadMethodAttributes (12ms)
				AfterProcessingInitializeOnLoad (12ms)
				EditorAssembliesLoaded (0ms)
			ExecutionOrderSort2 (0ms)
			AwakeInstancesAfterBackupRestoration (11ms)
Platform modules already initialized, skipping
Refreshing native plugins compatible for Editor in 0.64 ms, found 2 plugins.
Preloading 0 native plugins for Editor in 0.00 ms.
Unloading 1853 Unused Serialized files (Serialized files now loaded: 0)
System memory in use before: 86.0 MB.
System memory in use after: 86.1 MB.

Unloading 14 unused Assets to reduce memory usage. Loaded Objects now: 2368.
Total: 9.276200 ms (FindLiveObjects: 0.554500 ms CreateObjectMapping: 0.284100 ms MarkObjects: 8.391100 ms  DeleteObjects: 0.043600 ms)

AssetImportParameters requested are different than current active one (requested -> active):
  custom:framework-win-MediaFoundation: 216162199b28c13a410421893ffa2e32 -> 
  custom:video-decoder-ogg-theora: a1e56fd34408186e4bbccfd4996cb3dc -> 
  custom:container-muxer-webm: aa71ff27fc2769a1b78a27578f13a17b -> 
  custom:container-demuxer-webm: 4f35f7cbe854078d1ac9338744f61a02 -> 
  custom:container-demuxer-ogg: 62fdf1f143b41e24485cea50d1cbac27 -> 
  custom:video-encoder-webm-vp8: eb34c28f22e8b96e1ab97ce403110664 -> 
  custom:video-decoder-webm-vp8: 9c59270c3fd7afecdb556c50c9e8de78 -> 
  custom:audio-decoder-ogg-vorbis: bf7c407c2cedff20999df2af8eb42d56 -> 
  custom:audio-encoder-webm-vorbis: bf7c407c2cedff20999df2af8eb42d56 -> 
========================================================================
Received Prepare
Registering precompiled user dll's ...
Registered in 0.016714 seconds.
Begin MonoManager ReloadAssembly
Native extension for Lumin target not found
Native extension for WindowsStandalone target not found
Native extension for OSXStandalone target not found
Native extension for WebGL target not found
Refreshing native plugins compatible for Editor in 0.65 ms, found 2 plugins.
Preloading 0 native plugins for Editor in 0.00 ms.
Mono: successfully reloaded assembly
- Completed reload, in  1.858 seconds
Domain Reload Profiling:
	ReloadAssembly (1859ms)
		BeginReloadAssembly (188ms)
			ExecutionOrderSort (0ms)
			DisableScriptedObjects (7ms)
			BackupInstance (0ms)
			ReleaseScriptingObjects (0ms)
			CreateAndSetChildDomain (57ms)
		EndReloadAssembly (1563ms)
			LoadAssemblies (154ms)
			RebuildTransferFunctionScriptingTraits (0ms)
			SetupTypeCache (591ms)
			ReleaseScriptCaches (1ms)
			RebuildScriptCaches (66ms)
			SetupLoadedEditorAssemblies (565ms)
				LogAssemblyErrors (0ms)
				InitializePlatformSupportModulesInManaged (12ms)
				SetLoadedEditorAssemblies (1ms)
				RefreshPlugins (1ms)
				BeforeProcessingInitializeOnLoad (131ms)
				ProcessInitializeOnLoadAttributes (393ms)
				ProcessInitializeOnLoadMethodAttributes (16ms)
				AfterProcessingInitializeOnLoad (11ms)
				EditorAssembliesLoaded (0ms)
			ExecutionOrderSort2 (0ms)
			AwakeInstancesAfterBackupRestoration (11ms)
Platform modules already initialized, skipping
Refreshing native plugins compatible for Editor in 0.63 ms, found 2 plugins.
Preloading 0 native plugins for Editor in 0.00 ms.
Unloading 1853 Unused Serialized files (Serialized files now loaded: 0)
System memory in use before: 86.0 MB.
System memory in use after: 86.1 MB.

Unloading 14 unused Assets to reduce memory usage. Loaded Objects now: 2370.
Total: 5.285400 ms (FindLiveObjects: 0.272400 ms CreateObjectMapping: 0.174900 ms MarkObjects: 4.802800 ms  DeleteObjects: 0.033200 ms)

AssetImportParameters requested are different than current active one (requested -> active):
  custom:framework-win-MediaFoundation: 216162199b28c13a410421893ffa2e32 -> 
  custom:video-decoder-ogg-theora: a1e56fd34408186e4bbccfd4996cb3dc -> 
  custom:container-muxer-webm: aa71ff27fc2769a1b78a27578f13a17b -> 
  custom:container-demuxer-webm: 4f35f7cbe854078d1ac9338744f61a02 -> 
  custom:container-demuxer-ogg: 62fdf1f143b41e24485cea50d1cbac27 -> 
  custom:video-encoder-webm-vp8: eb34c28f22e8b96e1ab97ce403110664 -> 
  custom:video-decoder-webm-vp8: 9c59270c3fd7afecdb556c50c9e8de78 -> 
  custom:audio-decoder-ogg-vorbis: bf7c407c2cedff20999df2af8eb42d56 -> 
  custom:audio-encoder-webm-vorbis: bf7c407c2cedff20999df2af8eb42d56 -> 
========================================================================
Received Import Request.
  Time since last request: 455.244927 seconds.
  path: Assets
  artifactKey: Guid(00000000000000001000000000000000) Importer(815301076,1909f56bfc062723c751e8b465ee728b)
Start importing Assets using Guid(00000000000000001000000000000000) Importer(815301076,1909f56bfc062723c751e8b465ee728b)  -> (artifact id: '42d402b061de3733987d63b9cc3b64de') in 0.024717 seconds 
  Import took 0.030996 seconds .

========================================================================
Received Import Request.
  Time since last request: 5.952783 seconds.
  path: Assets/Audio
  artifactKey: Guid(fe4843cfb593e3a418d8b07d02852050) Importer(815301076,1909f56bfc062723c751e8b465ee728b)
Start importing Assets/Audio using Guid(fe4843cfb593e3a418d8b07d02852050) Importer(815301076,1909f56bfc062723c751e8b465ee728b)  -> (artifact id: '7e6130889e576daba893500e3804371d') in 0.011513 seconds 
  Import took 0.016401 seconds .

========================================================================
Received Import Request.
  Time since last request: 14.308859 seconds.
  path: Assets/Audio/Scary Sound.mp3
  artifactKey: Guid(791acbc04bc00174082083ae7ec22d78) Importer(815301076,1909f56bfc062723c751e8b465ee728b)
Start importing Assets/Audio/Scary Sound.mp3 using Guid(791acbc04bc00174082083ae7ec22d78) Importer(815301076,1909f56bfc062723c751e8b465ee728b)  -> (artifact id: '0f4f500404a4cfb5c55877123d584c87') in 0.091074 seconds 
  Import took 0.096341 seconds .

========================================================================
Received Prepare
Registering precompiled user dll's ...
Registered in 0.014937 seconds.
Begin MonoManager ReloadAssembly
Native extension for Lumin target not found
Native extension for WindowsStandalone target not found
Native extension for OSXStandalone target not found
Native extension for WebGL target not found
Refreshing native plugins compatible for Editor in 0.66 ms, found 2 plugins.
Preloading 0 native plugins for Editor in 0.00 ms.
Mono: successfully reloaded assembly
- Completed reload, in  1.988 seconds
Domain Reload Profiling:
	ReloadAssembly (1988ms)
		BeginReloadAssembly (221ms)
			ExecutionOrderSort (0ms)
			DisableScriptedObjects (10ms)
			BackupInstance (0ms)
			ReleaseScriptingObjects (0ms)
			CreateAndSetChildDomain (66ms)
		EndReloadAssembly (1641ms)
			LoadAssemblies (172ms)
			RebuildTransferFunctionScriptingTraits (0ms)
			SetupTypeCache (607ms)
			ReleaseScriptCaches (2ms)
			RebuildScriptCaches (75ms)
			SetupLoadedEditorAssemblies (597ms)
				LogAssemblyErrors (0ms)
				InitializePlatformSupportModulesInManaged (11ms)
				SetLoadedEditorAssemblies (1ms)
				RefreshPlugins (1ms)
				BeforeProcessingInitializeOnLoad (150ms)
				ProcessInitializeOnLoadAttributes (400ms)
				ProcessInitializeOnLoadMethodAttributes (21ms)
				AfterProcessingInitializeOnLoad (12ms)
				EditorAssembliesLoaded (0ms)
			ExecutionOrderSort2 (0ms)
			AwakeInstancesAfterBackupRestoration (12ms)
Platform modules already initialized, skipping
Refreshing native plugins compatible for Editor in 0.78 ms, found 2 plugins.
Preloading 0 native plugins for Editor in 0.00 ms.
Unloading 1853 Unused Serialized files (Serialized files now loaded: 0)
System memory in use before: 86.1 MB.
System memory in use after: 86.2 MB.

Unloading 14 unused Assets to reduce memory usage. Loaded Objects now: 2375.
Total: 4.871600 ms (FindLiveObjects: 0.357700 ms CreateObjectMapping: 0.238400 ms MarkObjects: 4.241500 ms  DeleteObjects: 0.032300 ms)

AssetImportParameters requested are different than current active one (requested -> active):
  custom:framework-win-MediaFoundation: 216162199b28c13a410421893ffa2e32 -> 
  custom:video-decoder-ogg-theora: a1e56fd34408186e4bbccfd4996cb3dc -> 
  custom:container-muxer-webm: aa71ff27fc2769a1b78a27578f13a17b -> 
  custom:container-demuxer-webm: 4f35f7cbe854078d1ac9338744f61a02 -> 
  custom:container-demuxer-ogg: 62fdf1f143b41e24485cea50d1cbac27 -> 
  custom:video-encoder-webm-vp8: eb34c28f22e8b96e1ab97ce403110664 -> 
  custom:video-decoder-webm-vp8: 9c59270c3fd7afecdb556c50c9e8de78 -> 
  custom:audio-decoder-ogg-vorbis: bf7c407c2cedff20999df2af8eb42d56 -> 
  custom:audio-encoder-webm-vorbis: bf7c407c2cedff20999df2af8eb42d56 -> 
========================================================================
Received Import Request.
  Time since last request: 332.332273 seconds.
  path: Assets/Lowpoly Forest Pack/Prefabs2D/2DBush01.prefab
  artifactKey: Guid(71873b7bc5cec5840889d9507834aeb1) Importer(815301076,1909f56bfc062723c751e8b465ee728b)
Start importing Assets/Lowpoly Forest Pack/Prefabs2D/2DBush01.prefab using Guid(71873b7bc5cec5840889d9507834aeb1) Importer(815301076,1909f56bfc062723c751e8b465ee728b)  -> (artifact id: 'd08194b3d06b05c0b101046b6fe82ca1') in 0.123237 seconds 
  Import took 0.129274 seconds .

========================================================================
Received Import Request.
  Time since last request: 0.000265 seconds.
  path: Assets/Furniture/Prefabs/3Seat2.prefab
  artifactKey: Guid(bd72486aa780d7c488fce4c5de88266f) Importer(815301076,1909f56bfc062723c751e8b465ee728b)
Start importing Assets/Furniture/Prefabs/3Seat2.prefab using Guid(bd72486aa780d7c488fce4c5de88266f) Importer(815301076,1909f56bfc062723c751e8b465ee728b)  -> (artifact id: 'a7177684eebf455d3e41e02526f6b1be') in 0.134590 seconds 
  Import took 0.139456 seconds .

========================================================================
Received Import Request.
  Time since last request: 0.000280 seconds.
  path: Assets/Lowpoly Forest Pack/Prefabs2D/2DBush04.prefab
  artifactKey: Guid(9eafba0287d320449aa19e291f8e3bc6) Importer(815301076,1909f56bfc062723c751e8b465ee728b)
Start importing Assets/Lowpoly Forest Pack/Prefabs2D/2DBush04.prefab using Guid(9eafba0287d320449aa19e291f8e3bc6) Importer(815301076,1909f56bfc062723c751e8b465ee728b)  -> (artifact id: '552978ef56f009e88e4ed6b87702506c') in 0.022141 seconds 
  Import took 0.027813 seconds .

========================================================================
Received Import Request.
  Time since last request: 0.000279 seconds.
  path: Assets/Lowpoly Forest Pack/Prefabs2D/2DTree01.prefab
  artifactKey: Guid(a56b11080fc8b2f44a26426d0af0c4c6) Importer(815301076,1909f56bfc062723c751e8b465ee728b)
Start importing Assets/Lowpoly Forest Pack/Prefabs2D/2DTree01.prefab using Guid(a56b11080fc8b2f44a26426d0af0c4c6) Importer(815301076,1909f56bfc062723c751e8b465ee728b)  -> (artifact id: '2ec59014bcbeed091dbdb2dd04a37079') in 0.030055 seconds 
  Import took 0.035579 seconds .

========================================================================
Received Import Request.
  Time since last request: 0.000268 seconds.
  path: Assets/LowPolyFarmLite/Prefabs/Box_01.prefab
  artifactKey: Guid(d26dc1241d332c342b898a57f1164932) Importer(815301076,1909f56bfc062723c751e8b465ee728b)
Start importing Assets/LowPolyFarmLite/Prefabs/Box_01.prefab using Guid(d26dc1241d332c342b898a57f1164932) Importer(815301076,1909f56bfc062723c751e8b465ee728b)  -> (artifact id: '289a89229e3d192cb146e4d49d4930f4') in 0.026913 seconds 
  Import took 0.033638 seconds .

========================================================================
Received Import Request.
  Time since last request: 0.000283 seconds.
  path: Assets/Furniture/Prefabs/3Seat.prefab
  artifactKey: Guid(4da9f6017c5c2954282fe23c8f297ec2) Importer(815301076,1909f56bfc062723c751e8b465ee728b)
Start importing Assets/Furniture/Prefabs/3Seat.prefab using Guid(4da9f6017c5c2954282fe23c8f297ec2) Importer(815301076,1909f56bfc062723c751e8b465ee728b)  -> (artifact id: '732ba04594f042fadb8fea30e200b7e6') in 0.081485 seconds 
  Import took 0.087228 seconds .

========================================================================
Received Import Request.
  Time since last request: 0.000298 seconds.
  path: Assets/LowPolyFarmLite/Prefabs/Cabbage_01.prefab
  artifactKey: Guid(aec8969d0290c6d4cbc587ef85a01ce4) Importer(815301076,1909f56bfc062723c751e8b465ee728b)
Start importing Assets/LowPolyFarmLite/Prefabs/Cabbage_01.prefab using Guid(aec8969d0290c6d4cbc587ef85a01ce4) Importer(815301076,1909f56bfc062723c751e8b465ee728b)  -> (artifact id: 'bcd965d0893e349420d6f34a75eba77f') in 0.056131 seconds 
  Import took 0.061727 seconds .

========================================================================
Received Import Request.
  Time since last request: 0.000322 seconds.
  path: Assets/Lowpoly Forest Pack/Prefabs2D/2DTree02.prefab
  artifactKey: Guid(cd1bccbcc55e7a04bb8393a94126c524) Importer(815301076,1909f56bfc062723c751e8b465ee728b)
Start importing Assets/Lowpoly Forest Pack/Prefabs2D/2DTree02.prefab using Guid(cd1bccbcc55e7a04bb8393a94126c524) Importer(815301076,1909f56bfc062723c751e8b465ee728b)  -> (artifact id: '9d086cb4d7580f8f5147415c4937697b') in 0.031476 seconds 
  Import took 0.037314 seconds .

========================================================================
Received Import Request.
  Time since last request: 0.000291 seconds.
  path: Assets/Lowpoly Forest Pack/Prefabs2D/2DBush02.prefab
  artifactKey: Guid(e9d7362be65e913408fb608168328de1) Importer(815301076,1909f56bfc062723c751e8b465ee728b)
Start importing Assets/Lowpoly Forest Pack/Prefabs2D/2DBush02.prefab using Guid(e9d7362be65e913408fb608168328de1) Importer(815301076,1909f56bfc062723c751e8b465ee728b)  -> (artifact id: '6d1f66034970281f5ac2d9d32718f20b') in 0.024607 seconds 
  Import took 0.030770 seconds .

========================================================================
Received Import Request.
  Time since last request: 0.000364 seconds.
  path: Assets/Lowpoly Forest Pack/Prefabs2D/2DTree05.prefab
  artifactKey: Guid(a861a6060338e6146b01c685075137f9) Importer(815301076,1909f56bfc062723c751e8b465ee728b)
Start importing Assets/Lowpoly Forest Pack/Prefabs2D/2DTree05.prefab using Guid(a861a6060338e6146b01c685075137f9) Importer(815301076,1909f56bfc062723c751e8b465ee728b)  -> (artifact id: 'b484b1001d8529567e5b719a04e98b38') in 0.029984 seconds 
  Import took 0.035544 seconds .

========================================================================
Received Import Request.
  Time since last request: 0.000289 seconds.
  path: Assets/_Kelhem_Bedroom/_Prefabs/Book2.prefab
  artifactKey: Guid(e8884a5053a18d744bb7cffe31f2c4fa) Importer(815301076,1909f56bfc062723c751e8b465ee728b)
Start importing Assets/_Kelhem_Bedroom/_Prefabs/Book2.prefab using Guid(e8884a5053a18d744bb7cffe31f2c4fa) Importer(815301076,1909f56bfc062723c751e8b465ee728b)  -> (artifact id: '9a105cc1bc4b6579bc597652c934f6ab') in 0.030569 seconds 
  Import took 0.036671 seconds .

========================================================================
Received Import Request.
  Time since last request: 0.000371 seconds.
  path: Assets/Assets_BathroomProps/prefabs/bathtub.prefab
  artifactKey: Guid(80009c74748d82047b88c3f400e09c3d) Importer(815301076,1909f56bfc062723c751e8b465ee728b)
Start importing Assets/Assets_BathroomProps/prefabs/bathtub.prefab using Guid(80009c74748d82047b88c3f400e09c3d) Importer(815301076,1909f56bfc062723c751e8b465ee728b)  -> (artifact id: 'ccd7379e46ceff686928d13e2efc68a9') in 0.032478 seconds 
  Import took 0.039007 seconds .

========================================================================
Received Import Request.
  Time since last request: 0.000285 seconds.
  path: Assets/Lowpoly Forest Pack/Prefabs2D/2DRock03.prefab
  artifactKey: Guid(ae8187ff448800d468bf95afde79fbe1) Importer(815301076,1909f56bfc062723c751e8b465ee728b)
Start importing Assets/Lowpoly Forest Pack/Prefabs2D/2DRock03.prefab using Guid(ae8187ff448800d468bf95afde79fbe1) Importer(815301076,1909f56bfc062723c751e8b465ee728b)  -> (artifact id: '61a62aed1b74c4c07dad6bf97f0e2746') in 0.032760 seconds 
  Import took 0.038583 seconds .

========================================================================
Received Import Request.
  Time since last request: 0.000274 seconds.
  path: Assets/Lowpoly Forest Pack/Prefabs2D/2DMushroom01.prefab
  artifactKey: Guid(8a294d2947dd5174b86a37d2ba179b19) Importer(815301076,1909f56bfc062723c751e8b465ee728b)
Start importing Assets/Lowpoly Forest Pack/Prefabs2D/2DMushroom01.prefab using Guid(8a294d2947dd5174b86a37d2ba179b19) Importer(815301076,1909f56bfc062723c751e8b465ee728b)  -> (artifact id: '721458c2b3e2286e7f276184904946da') in 0.022988 seconds 
  Import took 0.034004 seconds .

========================================================================
Received Import Request.
  Time since last request: 0.000340 seconds.
  path: Assets/Lowpoly Forest Pack/Prefabs2D/2DRock01.prefab
  artifactKey: Guid(5d2ab0b0c900e244085e88a6ac67dc23) Importer(815301076,1909f56bfc062723c751e8b465ee728b)
Start importing Assets/Lowpoly Forest Pack/Prefabs2D/2DRock01.prefab using Guid(5d2ab0b0c900e244085e88a6ac67dc23) Importer(815301076,1909f56bfc062723c751e8b465ee728b)  -> (artifact id: '5203a41e4bb58e109110d34964278e92') in 0.021464 seconds 
  Import took 0.027171 seconds .

========================================================================
Received Import Request.
  Time since last request: 0.000278 seconds.
  path: Assets/Furniture/Prefabs/3Seat3.prefab
  artifactKey: Guid(d9e6213ffc5943b4db8396985aa3f894) Importer(815301076,1909f56bfc062723c751e8b465ee728b)
Start importing Assets/Furniture/Prefabs/3Seat3.prefab using Guid(d9e6213ffc5943b4db8396985aa3f894) Importer(815301076,1909f56bfc062723c751e8b465ee728b)  -> (artifact id: 'e307855bb46ddb86f40afde0ba98e1f5') in 0.066996 seconds 
  Import took 0.080223 seconds .

========================================================================
Received Import Request.
  Time since last request: 0.000347 seconds.
  path: Assets/Furniture/Prefabs/3seat4.prefab
  artifactKey: Guid(245712dbd63f6f94e8467250c1caedd9) Importer(815301076,1909f56bfc062723c751e8b465ee728b)
Start importing Assets/Furniture/Prefabs/3seat4.prefab using Guid(245712dbd63f6f94e8467250c1caedd9) Importer(815301076,1909f56bfc062723c751e8b465ee728b)  -> (artifact id: '99e5335f30613174d2a668a66dfa7876') in 0.088587 seconds 
  Import took 0.093992 seconds .

========================================================================
Received Import Request.
  Time since last request: 0.000301 seconds.
  path: Assets/Lowpoly Forest Pack/Prefabs2D/2DTree03.prefab
  artifactKey: Guid(b208382e743a89447bb96cf4987b6338) Importer(815301076,1909f56bfc062723c751e8b465ee728b)
Start importing Assets/Lowpoly Forest Pack/Prefabs2D/2DTree03.prefab using Guid(b208382e743a89447bb96cf4987b6338) Importer(815301076,1909f56bfc062723c751e8b465ee728b)  -> (artifact id: '1dd455d687dd0fc3d7d9d77ad7539941') in 0.027860 seconds 
  Import took 0.035095 seconds .

========================================================================
Received Import Request.
  Time since last request: 0.000267 seconds.
  path: Assets/_Kelhem_Bedroom/_Prefabs/Bed_v2.prefab
  artifactKey: Guid(b919ca28c5a8d0544827713303a80a54) Importer(815301076,1909f56bfc062723c751e8b465ee728b)
Start importing Assets/_Kelhem_Bedroom/_Prefabs/Bed_v2.prefab using Guid(b919ca28c5a8d0544827713303a80a54) Importer(815301076,1909f56bfc062723c751e8b465ee728b)  -> (artifact id: '835c4bb7f395d374eb926bfc09c1dc22') in 0.030260 seconds 
  Import took 0.037445 seconds .

========================================================================
Received Import Request.
  Time since last request: 0.000402 seconds.
  path: Assets/Lowpoly Forest Pack/Prefabs2D/2DTree06.prefab
  artifactKey: Guid(04edb9089a205bc49a43fdef24614024) Importer(815301076,1909f56bfc062723c751e8b465ee728b)
Start importing Assets/Lowpoly Forest Pack/Prefabs2D/2DTree06.prefab using Guid(04edb9089a205bc49a43fdef24614024) Importer(815301076,1909f56bfc062723c751e8b465ee728b)  -> (artifact id: 'e2a8b4f6a199f00de5461b4284589840') in 0.031224 seconds 
  Import took 0.038014 seconds .

========================================================================
Received Import Request.
  Time since last request: 0.000311 seconds.
  path: Assets/_Kelhem_Bedroom/_Prefabs/Armchair.prefab
  artifactKey: Guid(d291d16cd0eff0940a6f8a25f7b4507b) Importer(815301076,1909f56bfc062723c751e8b465ee728b)
Start importing Assets/_Kelhem_Bedroom/_Prefabs/Armchair.prefab using Guid(d291d16cd0eff0940a6f8a25f7b4507b) Importer(815301076,1909f56bfc062723c751e8b465ee728b)  -> (artifact id: '40b2c77e27518d3b437de527e46f5569') in 0.028560 seconds 
  Import took 0.034026 seconds .

========================================================================
Received Import Request.
  Time since last request: 0.000327 seconds.
  path: Assets/_Kelhem_Bedroom/_Prefabs/Books.prefab
  artifactKey: Guid(9ea1977af9e91ee4485a671f4f9661d3) Importer(815301076,1909f56bfc062723c751e8b465ee728b)
Start importing Assets/_Kelhem_Bedroom/_Prefabs/Books.prefab using Guid(9ea1977af9e91ee4485a671f4f9661d3) Importer(815301076,1909f56bfc062723c751e8b465ee728b)  -> (artifact id: '4ad98bab2e3a63f935f18e6a833fb4ca') in 0.020934 seconds 
  Import took 0.026849 seconds .

========================================================================
Received Import Request.
  Time since last request: 0.000287 seconds.
  path: Assets/Lowpoly Forest Pack/Prefabs2D/2DTree04.prefab
  artifactKey: Guid(710d16de88dfed940a91be405f1913e3) Importer(815301076,1909f56bfc062723c751e8b465ee728b)
Start importing Assets/Lowpoly Forest Pack/Prefabs2D/2DTree04.prefab using Guid(710d16de88dfed940a91be405f1913e3) Importer(815301076,1909f56bfc062723c751e8b465ee728b)  -> (artifact id: '183e86d45ab4adca1f064409d9eb2676') in 0.054193 seconds 
  Import took 0.059739 seconds .

========================================================================
Received Import Request.
  Time since last request: 0.000307 seconds.
  path: Assets/_Kelhem_Bedroom/_Prefabs/Book1.prefab
  artifactKey: Guid(2bc84d73f98867f43b673d4eb9c2184a) Importer(815301076,1909f56bfc062723c751e8b465ee728b)
Start importing Assets/_Kelhem_Bedroom/_Prefabs/Book1.prefab using Guid(2bc84d73f98867f43b673d4eb9c2184a) Importer(815301076,1909f56bfc062723c751e8b465ee728b)  -> (artifact id: 'd0ba67a2ae15539eb2d523ba2ada3543') in 0.031059 seconds 
  Import took 0.038249 seconds .

========================================================================
Received Import Request.
  Time since last request: 0.000317 seconds.
  path: Assets/_Kelhem_Bedroom/_Prefabs/Cactus.prefab
  artifactKey: Guid(8fe69ef6330d4134a8d60dd9be9af7b0) Importer(815301076,1909f56bfc062723c751e8b465ee728b)
Start importing Assets/_Kelhem_Bedroom/_Prefabs/Cactus.prefab using Guid(8fe69ef6330d4134a8d60dd9be9af7b0) Importer(815301076,1909f56bfc062723c751e8b465ee728b)  -> (artifact id: 'd81fa4286f12cd6b5e033508d55f4511') in 0.021662 seconds 
  Import took 0.026915 seconds .

========================================================================
Received Import Request.
  Time since last request: 0.000262 seconds.
  path: Assets/_Kelhem_Bedroom/_Prefabs/Book.prefab
  artifactKey: Guid(76a51c8e861c8b94b9037ecf4264cb87) Importer(815301076,1909f56bfc062723c751e8b465ee728b)
Start importing Assets/_Kelhem_Bedroom/_Prefabs/Book.prefab using Guid(76a51c8e861c8b94b9037ecf4264cb87) Importer(815301076,1909f56bfc062723c751e8b465ee728b)  -> (artifact id: 'e720132cfafd03a8f5326d16cb0522ec') in 0.054366 seconds 
  Import took 0.060772 seconds .

========================================================================
Received Import Request.
  Time since last request: 0.000258 seconds.
  path: Assets/Furniture/Prefabs/BigCloset.prefab
  artifactKey: Guid(9d4494b8b100519479f9699c5a7390a9) Importer(815301076,1909f56bfc062723c751e8b465ee728b)
Start importing Assets/Furniture/Prefabs/BigCloset.prefab using Guid(9d4494b8b100519479f9699c5a7390a9) Importer(815301076,1909f56bfc062723c751e8b465ee728b)  -> (artifact id: 'a609f0ddc78948df251af12eddf3bfbc') in 0.100878 seconds 
  Import took 0.107193 seconds .

========================================================================
Received Import Request.
  Time since last request: 0.000485 seconds.
  path: Assets/Lowpoly Forest Pack/Prefabs2D/2DBush03.prefab
  artifactKey: Guid(afc8e879670960b4a8472404bd8f50b7) Importer(815301076,1909f56bfc062723c751e8b465ee728b)
Start importing Assets/Lowpoly Forest Pack/Prefabs2D/2DBush03.prefab using Guid(afc8e879670960b4a8472404bd8f50b7) Importer(815301076,1909f56bfc062723c751e8b465ee728b)  -> (artifact id: 'b4709362b924bcb04622aaafb31491ff') in 0.027275 seconds 
  Import took 0.032214 seconds .

========================================================================
Received Import Request.
  Time since last request: 0.000287 seconds.
  path: Assets/_Kelhem_Bedroom/_Prefabs/BigCommdoe.prefab
  artifactKey: Guid(a8ea9c6e7d3b55045b87988140b087db) Importer(815301076,1909f56bfc062723c751e8b465ee728b)
Start importing Assets/_Kelhem_Bedroom/_Prefabs/BigCommdoe.prefab using Guid(a8ea9c6e7d3b55045b87988140b087db) Importer(815301076,1909f56bfc062723c751e8b465ee728b)  -> (artifact id: '10b7e38670367d1fecca4bf49b5c10f5') in 0.026462 seconds 
  Import took 0.032609 seconds .

========================================================================
Received Import Request.
  Time since last request: 0.000329 seconds.
  path: Assets/_Kelhem_Bedroom/_Prefabs/Bed.prefab
  artifactKey: Guid(f25243d07290a0c44974d8b7797c9cb4) Importer(815301076,1909f56bfc062723c751e8b465ee728b)
Start importing Assets/_Kelhem_Bedroom/_Prefabs/Bed.prefab using Guid(f25243d07290a0c44974d8b7797c9cb4) Importer(815301076,1909f56bfc062723c751e8b465ee728b)  -> (artifact id: 'fcef4f865b1c13b17218d17661428634') in 0.030327 seconds 
  Import took 0.037349 seconds .

========================================================================
Received Import Request.
  Time since last request: 0.000271 seconds.
  path: Assets/Lowpoly Forest Pack/Prefabs2D/2DRock02.prefab
  artifactKey: Guid(ffdd2790a559edf4b9173e1abf4bc0cb) Importer(815301076,1909f56bfc062723c751e8b465ee728b)
Start importing Assets/Lowpoly Forest Pack/Prefabs2D/2DRock02.prefab using Guid(ffdd2790a559edf4b9173e1abf4bc0cb) Importer(815301076,1909f56bfc062723c751e8b465ee728b)  -> (artifact id: '97aebb9612887fffefe32ea039e056ab') in 0.027072 seconds 
  Import took 0.032652 seconds .

========================================================================
Received Import Request.
  Time since last request: 0.000264 seconds.
  path: Assets/_Kelhem_Bedroom/_Prefabs/Book3.prefab
  artifactKey: Guid(1a0d7d8e714c6e343ab09a6c9835cccd) Importer(815301076,1909f56bfc062723c751e8b465ee728b)
Start importing Assets/_Kelhem_Bedroom/_Prefabs/Book3.prefab using Guid(1a0d7d8e714c6e343ab09a6c9835cccd) Importer(815301076,1909f56bfc062723c751e8b465ee728b)  -> (artifact id: '4ca3238693325b2cbf0c3ac798bbf7c8') in 0.027871 seconds 
  Import took 0.034371 seconds .

========================================================================
Received Import Request.
  Time since last request: 0.000341 seconds.
  path: Assets/_Kelhem_Bedroom/_Prefabs/Bush.prefab
  artifactKey: Guid(1a001225dac6e854181d2199b4f6cab1) Importer(815301076,1909f56bfc062723c751e8b465ee728b)
Start importing Assets/_Kelhem_Bedroom/_Prefabs/Bush.prefab using Guid(1a001225dac6e854181d2199b4f6cab1) Importer(815301076,1909f56bfc062723c751e8b465ee728b)  -> (artifact id: 'efca3f957053f73e3d7c5aad96902bc2') in 0.040984 seconds 
  Import took 0.048536 seconds .

========================================================================
Received Import Request.
  Time since last request: 9.761932 seconds.
  path: Assets/Lowpoly Forest Pack/Prefabs
  artifactKey: Guid(db72a9502dade45438b46fad8d329f00) Importer(815301076,1909f56bfc062723c751e8b465ee728b)
Start importing Assets/Lowpoly Forest Pack/Prefabs using Guid(db72a9502dade45438b46fad8d329f00) Importer(815301076,1909f56bfc062723c751e8b465ee728b)  -> (artifact id: '5bc6053e12b0758925342b15edd0ff24') in 0.015147 seconds 
  Import took 0.028316 seconds .

========================================================================
Received Import Request.
  Time since last request: 13.383258 seconds.
  path: Assets/LowPolyFarmLite/Prefabs
  artifactKey: Guid(2c1d683bd08bd8a4bb1c3c6496009f72) Importer(815301076,1909f56bfc062723c751e8b465ee728b)
Start importing Assets/LowPolyFarmLite/Prefabs using Guid(2c1d683bd08bd8a4bb1c3c6496009f72) Importer(815301076,1909f56bfc062723c751e8b465ee728b)  -> (artifact id: '869c49fb6d4ace3e2463deaff00759ff') in 0.005483 seconds 
  Import took 0.016836 seconds .

========================================================================
Received Import Request.
  Time since last request: 0.051594 seconds.
  path: Assets/LowPolyFarmLite/Prefabs/Fence_01.prefab
  artifactKey: Guid(cb422acdc199d6e42910f589b81c283b) Importer(815301076,1909f56bfc062723c751e8b465ee728b)
Start importing Assets/LowPolyFarmLite/Prefabs/Fence_01.prefab using Guid(cb422acdc199d6e42910f589b81c283b) Importer(815301076,1909f56bfc062723c751e8b465ee728b)  -> (artifact id: 'b8e8dace62b32e874147dc9b839c7724') in 0.024793 seconds 
  Import took 0.030970 seconds .

========================================================================
Received Import Request.
  Time since last request: 0.000326 seconds.
  path: Assets/LowPolyFarmLite/Prefabs/TomatoPlant_01.prefab
  artifactKey: Guid(78da2ace1ab76ce478600ebe37fa10fe) Importer(815301076,1909f56bfc062723c751e8b465ee728b)
Start importing Assets/LowPolyFarmLite/Prefabs/TomatoPlant_01.prefab using Guid(78da2ace1ab76ce478600ebe37fa10fe) Importer(815301076,1909f56bfc062723c751e8b465ee728b)  -> (artifact id: '20f4d80cb6bae136bac482f3fc9c95a9') in 0.028798 seconds 
  Import took 0.035179 seconds .

========================================================================
Received Import Request.
  Time since last request: 0.000329 seconds.
  path: Assets/LowPolyFarmLite/Prefabs/Tree_04.prefab
  artifactKey: Guid(bae468b3a6b9ea141967f3cfbe601352) Importer(815301076,1909f56bfc062723c751e8b465ee728b)
Start importing Assets/LowPolyFarmLite/Prefabs/Tree_04.prefab using Guid(bae468b3a6b9ea141967f3cfbe601352) Importer(815301076,1909f56bfc062723c751e8b465ee728b)  -> (artifact id: '29da26573a7cb03b091db20d152e7d07') in 0.024422 seconds 
  Import took 0.030489 seconds .

========================================================================
Received Import Request.
  Time since last request: 0.000318 seconds.
  path: Assets/LowPolyFarmLite/Prefabs/Grass_02.prefab
  artifactKey: Guid(81dad7d5552c9a341b390c79338fe0a4) Importer(815301076,1909f56bfc062723c751e8b465ee728b)
Start importing Assets/LowPolyFarmLite/Prefabs/Grass_02.prefab using Guid(81dad7d5552c9a341b390c79338fe0a4) Importer(815301076,1909f56bfc062723c751e8b465ee728b)  -> (artifact id: '009d4347b0f64b43301c54dd8593b87f') in 0.032639 seconds 
  Import took 0.045306 seconds .

========================================================================
Received Import Request.
  Time since last request: 0.000487 seconds.
  path: Assets/LowPolyFarmLite/Prefabs/Rock_04.prefab
  artifactKey: Guid(748ca274b89873247873cee26d353629) Importer(815301076,1909f56bfc062723c751e8b465ee728b)
Start importing Assets/LowPolyFarmLite/Prefabs/Rock_04.prefab using Guid(748ca274b89873247873cee26d353629) Importer(815301076,1909f56bfc062723c751e8b465ee728b)  -> (artifact id: '60a9bcc093a1c9372050016d60553441') in 0.023608 seconds 
  Import took 0.030673 seconds .

========================================================================
Received Import Request.
  Time since last request: 0.000337 seconds.
  path: Assets/LowPolyFarmLite/Prefabs/Terrain_01.prefab
  artifactKey: Guid(7ddfa3a1d18174043aab251be6df3a0e) Importer(815301076,1909f56bfc062723c751e8b465ee728b)
Start importing Assets/LowPolyFarmLite/Prefabs/Terrain_01.prefab using Guid(7ddfa3a1d18174043aab251be6df3a0e) Importer(815301076,1909f56bfc062723c751e8b465ee728b)  -> (artifact id: '1b7920272c8c43a66fb65148b5703028') in 0.064674 seconds 
  Import took 0.072070 seconds .

========================================================================
Received Import Request.
  Time since last request: 0.000290 seconds.
  path: Assets/LowPolyFarmLite/Prefabs/Mud_01.prefab
  artifactKey: Guid(c4fa87cd4eff4ae4ba4c8d1ad48df5f7) Importer(815301076,1909f56bfc062723c751e8b465ee728b)
Start importing Assets/LowPolyFarmLite/Prefabs/Mud_01.prefab using Guid(c4fa87cd4eff4ae4ba4c8d1ad48df5f7) Importer(815301076,1909f56bfc062723c751e8b465ee728b)  -> (artifact id: '030cd5e635e1525289a3099d8c22d10f') in 0.019467 seconds 
  Import took 0.024938 seconds .

========================================================================
Received Import Request.
  Time since last request: 0.000284 seconds.
  path: Assets/LowPolyFarmLite/Prefabs/Tomato_03.prefab
  artifactKey: Guid(fd8e0760db14a534a89257f68a4f2a8c) Importer(815301076,1909f56bfc062723c751e8b465ee728b)
Start importing Assets/LowPolyFarmLite/Prefabs/Tomato_03.prefab using Guid(fd8e0760db14a534a89257f68a4f2a8c) Importer(815301076,1909f56bfc062723c751e8b465ee728b)  -> (artifact id: '2923266057401429549322731b085c89') in 0.058945 seconds 
  Import took 0.063701 seconds .

========================================================================
Received Import Request.
  Time since last request: 0.000295 seconds.
  path: Assets/LowPolyFarmLite/Prefabs/WateringCan_01.prefab
  artifactKey: Guid(8877f4aac7d3c184ea4954647487e084) Importer(815301076,1909f56bfc062723c751e8b465ee728b)
Start importing Assets/LowPolyFarmLite/Prefabs/WateringCan_01.prefab using Guid(8877f4aac7d3c184ea4954647487e084) Importer(815301076,1909f56bfc062723c751e8b465ee728b)  -> (artifact id: 'ba60b3e191a6e4b041d11d6a3895d1d9') in 0.020209 seconds 
  Import took 0.025507 seconds .

========================================================================
Received Prepare
Registering precompiled user dll's ...
Registered in 0.006593 seconds.
Begin MonoManager ReloadAssembly
Native extension for Lumin target not found
Native extension for WindowsStandalone target not found
Native extension for OSXStandalone target not found
Native extension for WebGL target not found
Refreshing native plugins compatible for Editor in 0.82 ms, found 2 plugins.
Preloading 0 native plugins for Editor in 0.00 ms.
Mono: successfully reloaded assembly
- Completed reload, in  1.657 seconds
Domain Reload Profiling:
	ReloadAssembly (1658ms)
		BeginReloadAssembly (184ms)
			ExecutionOrderSort (0ms)
			DisableScriptedObjects (7ms)
			BackupInstance (0ms)
			ReleaseScriptingObjects (0ms)
			CreateAndSetChildDomain (58ms)
		EndReloadAssembly (1373ms)
			LoadAssemblies (134ms)
			RebuildTransferFunctionScriptingTraits (0ms)
			SetupTypeCache (454ms)
			ReleaseScriptCaches (1ms)
			RebuildScriptCaches (69ms)
			SetupLoadedEditorAssemblies (527ms)
				LogAssemblyErrors (0ms)
				InitializePlatformSupportModulesInManaged (11ms)
				SetLoadedEditorAssemblies (1ms)
				RefreshPlugins (1ms)
				BeforeProcessingInitializeOnLoad (127ms)
				ProcessInitializeOnLoadAttributes (360ms)
				ProcessInitializeOnLoadMethodAttributes (12ms)
				AfterProcessingInitializeOnLoad (14ms)
				EditorAssembliesLoaded (0ms)
			ExecutionOrderSort2 (0ms)
			AwakeInstancesAfterBackupRestoration (12ms)
Platform modules already initialized, skipping
Refreshing native plugins compatible for Editor in 0.62 ms, found 2 plugins.
Preloading 0 native plugins for Editor in 0.00 ms.
Unloading 1853 Unused Serialized files (Serialized files now loaded: 0)
System memory in use before: 86.2 MB.
System memory in use after: 86.3 MB.

Unloading 14 unused Assets to reduce memory usage. Loaded Objects now: 2378.
Total: 4.295600 ms (FindLiveObjects: 0.271100 ms CreateObjectMapping: 0.103100 ms MarkObjects: 3.898300 ms  DeleteObjects: 0.021700 ms)

AssetImportParameters requested are different than current active one (requested -> active):
  custom:framework-win-MediaFoundation: 216162199b28c13a410421893ffa2e32 -> 
  custom:video-decoder-ogg-theora: a1e56fd34408186e4bbccfd4996cb3dc -> 
  custom:container-muxer-webm: aa71ff27fc2769a1b78a27578f13a17b -> 
  custom:container-demuxer-webm: 4f35f7cbe854078d1ac9338744f61a02 -> 
  custom:container-demuxer-ogg: 62fdf1f143b41e24485cea50d1cbac27 -> 
  custom:video-encoder-webm-vp8: eb34c28f22e8b96e1ab97ce403110664 -> 
  custom:video-decoder-webm-vp8: 9c59270c3fd7afecdb556c50c9e8de78 -> 
  custom:audio-decoder-ogg-vorbis: bf7c407c2cedff20999df2af8eb42d56 -> 
  custom:audio-encoder-webm-vorbis: bf7c407c2cedff20999df2af8eb42d56 -> 
========================================================================
Received Import Request.
  Time since last request: 8.886282 seconds.
  path: Assets/LowPolyFarmLite/Prefabs/Grass_02.prefab
  artifactKey: Guid(81dad7d5552c9a341b390c79338fe0a4) Importer(815301076,1909f56bfc062723c751e8b465ee728b)
Start importing Assets/LowPolyFarmLite/Prefabs/Grass_02.prefab using Guid(81dad7d5552c9a341b390c79338fe0a4) Importer(815301076,1909f56bfc062723c751e8b465ee728b)  -> (artifact id: 'a050920d10053cc1c299c9a295530d09') in 0.114266 seconds 
  Import took 0.122951 seconds .

========================================================================
Received Prepare
Registering precompiled user dll's ...
Registered in 0.006892 seconds.
Begin MonoManager ReloadAssembly
Native extension for Lumin target not found
Native extension for WindowsStandalone target not found
Native extension for OSXStandalone target not found
Native extension for WebGL target not found
Refreshing native plugins compatible for Editor in 0.62 ms, found 2 plugins.
Preloading 0 native plugins for Editor in 0.00 ms.
Mono: successfully reloaded assembly
- Completed reload, in  1.700 seconds
Domain Reload Profiling:
	ReloadAssembly (1701ms)
		BeginReloadAssembly (169ms)
			ExecutionOrderSort (0ms)
			DisableScriptedObjects (7ms)
			BackupInstance (0ms)
			ReleaseScriptingObjects (0ms)
			CreateAndSetChildDomain (48ms)
		EndReloadAssembly (1411ms)
			LoadAssemblies (157ms)
			RebuildTransferFunctionScriptingTraits (0ms)
			SetupTypeCache (509ms)
			ReleaseScriptCaches (1ms)
			RebuildScriptCaches (64ms)
			SetupLoadedEditorAssemblies (495ms)
				LogAssemblyErrors (0ms)
				InitializePlatformSupportModulesInManaged (15ms)
				SetLoadedEditorAssemblies (1ms)
				RefreshPlugins (1ms)
				BeforeProcessingInitializeOnLoad (118ms)
				ProcessInitializeOnLoadAttributes (337ms)
				ProcessInitializeOnLoadMethodAttributes (13ms)
				AfterProcessingInitializeOnLoad (10ms)
				EditorAssembliesLoaded (0ms)
			ExecutionOrderSort2 (0ms)
			AwakeInstancesAfterBackupRestoration (11ms)
Platform modules already initialized, skipping
Refreshing native plugins compatible for Editor in 0.62 ms, found 2 plugins.
Preloading 0 native plugins for Editor in 0.00 ms.
Unloading 1853 Unused Serialized files (Serialized files now loaded: 0)
System memory in use before: 86.2 MB.
System memory in use after: 86.3 MB.

Unloading 14 unused Assets to reduce memory usage. Loaded Objects now: 2381.
Total: 4.471200 ms (FindLiveObjects: 0.273000 ms CreateObjectMapping: 0.169200 ms MarkObjects: 4.003600 ms  DeleteObjects: 0.024100 ms)

AssetImportParameters requested are different than current active one (requested -> active):
  custom:framework-win-MediaFoundation: 216162199b28c13a410421893ffa2e32 -> 
  custom:video-decoder-ogg-theora: a1e56fd34408186e4bbccfd4996cb3dc -> 
  custom:container-muxer-webm: aa71ff27fc2769a1b78a27578f13a17b -> 
  custom:container-demuxer-webm: 4f35f7cbe854078d1ac9338744f61a02 -> 
  custom:container-demuxer-ogg: 62fdf1f143b41e24485cea50d1cbac27 -> 
  custom:video-encoder-webm-vp8: eb34c28f22e8b96e1ab97ce403110664 -> 
  custom:video-decoder-webm-vp8: 9c59270c3fd7afecdb556c50c9e8de78 -> 
  custom:audio-decoder-ogg-vorbis: bf7c407c2cedff20999df2af8eb42d56 -> 
  custom:audio-encoder-webm-vorbis: bf7c407c2cedff20999df2af8eb42d56 -> 
========================================================================
Received Prepare
Registering precompiled user dll's ...
Registered in 0.006476 seconds.
Begin MonoManager ReloadAssembly
Native extension for Lumin target not found
Native extension for WindowsStandalone target not found
Native extension for OSXStandalone target not found
Native extension for WebGL target not found
Refreshing native plugins compatible for Editor in 0.99 ms, found 2 plugins.
Preloading 0 native plugins for Editor in 0.00 ms.
Mono: successfully reloaded assembly
- Completed reload, in  1.689 seconds
Domain Reload Profiling:
	ReloadAssembly (1689ms)
		BeginReloadAssembly (182ms)
			ExecutionOrderSort (0ms)
			DisableScriptedObjects (9ms)
			BackupInstance (0ms)
			ReleaseScriptingObjects (0ms)
			CreateAndSetChildDomain (51ms)
		EndReloadAssembly (1385ms)
			LoadAssemblies (145ms)
			RebuildTransferFunctionScriptingTraits (0ms)
			SetupTypeCache (513ms)
			ReleaseScriptCaches (1ms)
			RebuildScriptCaches (66ms)
			SetupLoadedEditorAssemblies (508ms)
				LogAssemblyErrors (0ms)
				InitializePlatformSupportModulesInManaged (11ms)
				SetLoadedEditorAssemblies (1ms)
				RefreshPlugins (1ms)
				BeforeProcessingInitializeOnLoad (126ms)
				ProcessInitializeOnLoadAttributes (346ms)
				ProcessInitializeOnLoadMethodAttributes (12ms)
				AfterProcessingInitializeOnLoad (10ms)
				EditorAssembliesLoaded (0ms)
			ExecutionOrderSort2 (0ms)
			AwakeInstancesAfterBackupRestoration (11ms)
Platform modules already initialized, skipping
Refreshing native plugins compatible for Editor in 0.64 ms, found 2 plugins.
Preloading 0 native plugins for Editor in 0.00 ms.
Unloading 1853 Unused Serialized files (Serialized files now loaded: 0)
System memory in use before: 86.2 MB.
System memory in use after: 86.3 MB.

Unloading 14 unused Assets to reduce memory usage. Loaded Objects now: 2383.
Total: 4.844000 ms (FindLiveObjects: 0.365800 ms CreateObjectMapping: 0.181700 ms MarkObjects: 4.271500 ms  DeleteObjects: 0.023600 ms)

AssetImportParameters requested are different than current active one (requested -> active):
  custom:framework-win-MediaFoundation: 216162199b28c13a410421893ffa2e32 -> 
  custom:video-decoder-ogg-theora: a1e56fd34408186e4bbccfd4996cb3dc -> 
  custom:container-muxer-webm: aa71ff27fc2769a1b78a27578f13a17b -> 
  custom:container-demuxer-webm: 4f35f7cbe854078d1ac9338744f61a02 -> 
  custom:container-demuxer-ogg: 62fdf1f143b41e24485cea50d1cbac27 -> 
  custom:video-encoder-webm-vp8: eb34c28f22e8b96e1ab97ce403110664 -> 
  custom:video-decoder-webm-vp8: 9c59270c3fd7afecdb556c50c9e8de78 -> 
  custom:audio-decoder-ogg-vorbis: bf7c407c2cedff20999df2af8eb42d56 -> 
  custom:audio-encoder-webm-vorbis: bf7c407c2cedff20999df2af8eb42d56 -> 
========================================================================
Received Import Request.
  Time since last request: 434.537915 seconds.
  path: Assets/Scripts/download.jpg
  artifactKey: Guid(1044e3ba63c26a643a4b3fc5218babb3) Importer(815301076,1909f56bfc062723c751e8b465ee728b)
Start importing Assets/Scripts/download.jpg using Guid(1044e3ba63c26a643a4b3fc5218babb3) Importer(815301076,1909f56bfc062723c751e8b465ee728b)  -> (artifact id: '806d12d37fe9d9e52678ab6140f42d89') in 0.095368 seconds 
  Import took 0.101654 seconds .

========================================================================
Received Prepare
Registering precompiled user dll's ...
Registered in 0.006555 seconds.
Begin MonoManager ReloadAssembly
Native extension for Lumin target not found
Native extension for WindowsStandalone target not found
Native extension for OSXStandalone target not found
Native extension for WebGL target not found
Refreshing native plugins compatible for Editor in 0.62 ms, found 2 plugins.
Preloading 0 native plugins for Editor in 0.00 ms.
Mono: successfully reloaded assembly
- Completed reload, in  1.772 seconds
Domain Reload Profiling:
	ReloadAssembly (1773ms)
		BeginReloadAssembly (204ms)
			ExecutionOrderSort (0ms)
			DisableScriptedObjects (7ms)
			BackupInstance (0ms)
			ReleaseScriptingObjects (0ms)
			CreateAndSetChildDomain (54ms)
		EndReloadAssembly (1469ms)
			LoadAssemblies (148ms)
			RebuildTransferFunctionScriptingTraits (0ms)
			SetupTypeCache (560ms)
			ReleaseScriptCaches (1ms)
			RebuildScriptCaches (59ms)
			SetupLoadedEditorAssemblies (547ms)
				LogAssemblyErrors (0ms)
				InitializePlatformSupportModulesInManaged (11ms)
				SetLoadedEditorAssemblies (1ms)
				RefreshPlugins (1ms)
				BeforeProcessingInitializeOnLoad (150ms)
				ProcessInitializeOnLoadAttributes (359ms)
				ProcessInitializeOnLoadMethodAttributes (13ms)
				AfterProcessingInitializeOnLoad (12ms)
				EditorAssembliesLoaded (0ms)
			ExecutionOrderSort2 (0ms)
			AwakeInstancesAfterBackupRestoration (11ms)
Platform modules already initialized, skipping
Refreshing native plugins compatible for Editor in 0.63 ms, found 2 plugins.
Preloading 0 native plugins for Editor in 0.00 ms.
Unloading 1853 Unused Serialized files (Serialized files now loaded: 0)
System memory in use before: 86.2 MB.
System memory in use after: 86.3 MB.

Unloading 14 unused Assets to reduce memory usage. Loaded Objects now: 2387.
Total: 4.788300 ms (FindLiveObjects: 0.278900 ms CreateObjectMapping: 0.172900 ms MarkObjects: 4.310500 ms  DeleteObjects: 0.024500 ms)

AssetImportParameters requested are different than current active one (requested -> active):
  custom:framework-win-MediaFoundation: 216162199b28c13a410421893ffa2e32 -> 
  custom:video-decoder-ogg-theora: a1e56fd34408186e4bbccfd4996cb3dc -> 
  custom:container-muxer-webm: aa71ff27fc2769a1b78a27578f13a17b -> 
  custom:container-demuxer-webm: 4f35f7cbe854078d1ac9338744f61a02 -> 
  custom:container-demuxer-ogg: 62fdf1f143b41e24485cea50d1cbac27 -> 
  custom:video-encoder-webm-vp8: eb34c28f22e8b96e1ab97ce403110664 -> 
  custom:video-decoder-webm-vp8: 9c59270c3fd7afecdb556c50c9e8de78 -> 
  custom:audio-decoder-ogg-vorbis: bf7c407c2cedff20999df2af8eb42d56 -> 
  custom:audio-encoder-webm-vorbis: bf7c407c2cedff20999df2af8eb42d56 -> 
========================================================================
Received Import Request.
  Time since last request: 84.530092 seconds.
  path: Assets/Lowpoly Forest Pack/Prefabs/Bush01.prefab
  artifactKey: Guid(c309f1fdc1ba06e4a849cdd8749eacef) Importer(815301076,1909f56bfc062723c751e8b465ee728b)
Start importing Assets/Lowpoly Forest Pack/Prefabs/Bush01.prefab using Guid(c309f1fdc1ba06e4a849cdd8749eacef) Importer(815301076,1909f56bfc062723c751e8b465ee728b)  -> (artifact id: '5a7ea7a36c833fb9dc607eae4adaeb10') in 0.122776 seconds 
  Import took 0.128028 seconds .

========================================================================
Received Import Request.
  Time since last request: 6.059447 seconds.
  path: Assets/Lowpoly Forest Pack/Prefabs/Bush02.prefab
  artifactKey: Guid(a158e0d71b9d28a449578a6a542211cb) Importer(815301076,1909f56bfc062723c751e8b465ee728b)
Start importing Assets/Lowpoly Forest Pack/Prefabs/Bush02.prefab using Guid(a158e0d71b9d28a449578a6a542211cb) Importer(815301076,1909f56bfc062723c751e8b465ee728b)  -> (artifact id: '4aeaa9d7e3145936d09c91e5ce2b3955') in 0.029378 seconds 
  Import took 0.034623 seconds .

========================================================================
Received Import Request.
  Time since last request: 7.916865 seconds.
  path: Assets/Lowpoly Forest Pack/Prefabs/Bush03.prefab
  artifactKey: Guid(d0a555f42830f0b4ea42031195259d2a) Importer(815301076,1909f56bfc062723c751e8b465ee728b)
Start importing Assets/Lowpoly Forest Pack/Prefabs/Bush03.prefab using Guid(d0a555f42830f0b4ea42031195259d2a) Importer(815301076,1909f56bfc062723c751e8b465ee728b)  -> (artifact id: '4ed55ec5ebf04ad18f19ce9923216e8d') in 0.031616 seconds 
  Import took 0.040056 seconds .

========================================================================
Received Import Request.
  Time since last request: 6.173738 seconds.
  path: Assets/Lowpoly Forest Pack/Prefabs/Bush04.prefab
  artifactKey: Guid(a3acb8a3e5ab6ff4db49b7c35b6c1f10) Importer(815301076,1909f56bfc062723c751e8b465ee728b)
Start importing Assets/Lowpoly Forest Pack/Prefabs/Bush04.prefab using Guid(a3acb8a3e5ab6ff4db49b7c35b6c1f10) Importer(815301076,1909f56bfc062723c751e8b465ee728b)  -> (artifact id: '73b14c605d9c3fe0f6eec918255b2b8f') in 0.026785 seconds 
  Import took 0.035401 seconds .

========================================================================
Received Import Request.
  Time since last request: 8.901851 seconds.
  path: Assets/Lowpoly Forest Pack/Prefabs/Tree01.prefab
  artifactKey: Guid(30c6835c55f25574fb0de0175012fd4e) Importer(815301076,1909f56bfc062723c751e8b465ee728b)
Start importing Assets/Lowpoly Forest Pack/Prefabs/Tree01.prefab using Guid(30c6835c55f25574fb0de0175012fd4e) Importer(815301076,1909f56bfc062723c751e8b465ee728b)  -> (artifact id: '9fe45ca36ad9a42f6834b522a3ed553d') in 0.028224 seconds 
  Import took 0.032982 seconds .

========================================================================
Received Import Request.
  Time since last request: 33.555451 seconds.
  path: Assets/LowPolyFarmLite/Materials/LowPolyFarmLite_MAIN.mat
  artifactKey: Guid(382e2b1b7fbf94945963320a17603c7c) Importer(815301076,1909f56bfc062723c751e8b465ee728b)
Start importing Assets/LowPolyFarmLite/Materials/LowPolyFarmLite_MAIN.mat using Guid(382e2b1b7fbf94945963320a17603c7c) Importer(815301076,1909f56bfc062723c751e8b465ee728b)  -> (artifact id: 'b7b4c94da5e8d459ffbafbb569aaa5a9') in 0.041586 seconds 
  Import took 0.048347 seconds .

========================================================================
Received Prepare
Registering precompiled user dll's ...
Registered in 0.006577 seconds.
Begin MonoManager ReloadAssembly
Native extension for Lumin target not found
Native extension for WindowsStandalone target not found
Native extension for OSXStandalone target not found
Native extension for WebGL target not found
Refreshing native plugins compatible for Editor in 0.62 ms, found 2 plugins.
Preloading 0 native plugins for Editor in 0.00 ms.
Mono: successfully reloaded assembly
- Completed reload, in  1.737 seconds
Domain Reload Profiling:
	ReloadAssembly (1738ms)
		BeginReloadAssembly (197ms)
			ExecutionOrderSort (0ms)
			DisableScriptedObjects (8ms)
			BackupInstance (0ms)
			ReleaseScriptingObjects (0ms)
			CreateAndSetChildDomain (59ms)
		EndReloadAssembly (1434ms)
			LoadAssemblies (154ms)
			RebuildTransferFunctionScriptingTraits (0ms)
			SetupTypeCache (524ms)
			ReleaseScriptCaches (1ms)
			RebuildScriptCaches (73ms)
			SetupLoadedEditorAssemblies (513ms)
				LogAssemblyErrors (0ms)
				InitializePlatformSupportModulesInManaged (11ms)
				SetLoadedEditorAssemblies (1ms)
				RefreshPlugins (1ms)
				BeforeProcessingInitializeOnLoad (124ms)
				ProcessInitializeOnLoadAttributes (350ms)
				ProcessInitializeOnLoadMethodAttributes (15ms)
				AfterProcessingInitializeOnLoad (11ms)
				EditorAssembliesLoaded (0ms)
			ExecutionOrderSort2 (0ms)
			AwakeInstancesAfterBackupRestoration (13ms)
Platform modules already initialized, skipping
Refreshing native plugins compatible for Editor in 0.59 ms, found 2 plugins.
Preloading 0 native plugins for Editor in 0.00 ms.
Unloading 1853 Unused Serialized files (Serialized files now loaded: 0)
System memory in use before: 86.3 MB.
System memory in use after: 86.4 MB.

Unloading 14 unused Assets to reduce memory usage. Loaded Objects now: 2390.
Total: 4.553000 ms (FindLiveObjects: 0.267600 ms CreateObjectMapping: 0.165700 ms MarkObjects: 4.087400 ms  DeleteObjects: 0.030300 ms)

AssetImportParameters requested are different than current active one (requested -> active):
  custom:framework-win-MediaFoundation: 216162199b28c13a410421893ffa2e32 -> 
  custom:video-decoder-ogg-theora: a1e56fd34408186e4bbccfd4996cb3dc -> 
  custom:container-muxer-webm: aa71ff27fc2769a1b78a27578f13a17b -> 
  custom:container-demuxer-webm: 4f35f7cbe854078d1ac9338744f61a02 -> 
  custom:container-demuxer-ogg: 62fdf1f143b41e24485cea50d1cbac27 -> 
  custom:video-encoder-webm-vp8: eb34c28f22e8b96e1ab97ce403110664 -> 
  custom:video-decoder-webm-vp8: 9c59270c3fd7afecdb556c50c9e8de78 -> 
  custom:audio-decoder-ogg-vorbis: bf7c407c2cedff20999df2af8eb42d56 -> 
  custom:audio-encoder-webm-vorbis: bf7c407c2cedff20999df2af8eb42d56 -> 
========================================================================
Received Prepare
Registering precompiled user dll's ...
Registered in 0.006728 seconds.
Begin MonoManager ReloadAssembly
Native extension for Lumin target not found
Native extension for WindowsStandalone target not found
Native extension for OSXStandalone target not found
Native extension for WebGL target not found
Refreshing native plugins compatible for Editor in 0.60 ms, found 2 plugins.
Preloading 0 native plugins for Editor in 0.00 ms.
Mono: successfully reloaded assembly
- Completed reload, in  1.764 seconds
Domain Reload Profiling:
	ReloadAssembly (1765ms)
		BeginReloadAssembly (185ms)
			ExecutionOrderSort (0ms)
			DisableScriptedObjects (8ms)
			BackupInstance (0ms)
			ReleaseScriptingObjects (0ms)
			CreateAndSetChildDomain (53ms)
		EndReloadAssembly (1463ms)
			LoadAssemblies (150ms)
			RebuildTransferFunctionScriptingTraits (0ms)
			SetupTypeCache (512ms)
			ReleaseScriptCaches (1ms)
			RebuildScriptCaches (66ms)
			SetupLoadedEditorAssemblies (581ms)
				LogAssemblyErrors (0ms)
				InitializePlatformSupportModulesInManaged (11ms)
				SetLoadedEditorAssemblies (1ms)
				RefreshPlugins (1ms)
				BeforeProcessingInitializeOnLoad (189ms)
				ProcessInitializeOnLoadAttributes (357ms)
				ProcessInitializeOnLoadMethodAttributes (12ms)
				AfterProcessingInitializeOnLoad (10ms)
				EditorAssembliesLoaded (0ms)
			ExecutionOrderSort2 (0ms)
			AwakeInstancesAfterBackupRestoration (10ms)
Platform modules already initialized, skipping
Refreshing native plugins compatible for Editor in 0.59 ms, found 2 plugins.
Preloading 0 native plugins for Editor in 0.00 ms.
Unloading 1853 Unused Serialized files (Serialized files now loaded: 0)
System memory in use before: 86.3 MB.
System memory in use after: 86.4 MB.

Unloading 14 unused Assets to reduce memory usage. Loaded Objects now: 2392.
Total: 4.489200 ms (FindLiveObjects: 0.285500 ms CreateObjectMapping: 0.255900 ms MarkObjects: 3.922600 ms  DeleteObjects: 0.023500 ms)

AssetImportParameters requested are different than current active one (requested -> active):
  custom:framework-win-MediaFoundation: 216162199b28c13a410421893ffa2e32 -> 
  custom:video-decoder-ogg-theora: a1e56fd34408186e4bbccfd4996cb3dc -> 
  custom:container-muxer-webm: aa71ff27fc2769a1b78a27578f13a17b -> 
  custom:container-demuxer-webm: 4f35f7cbe854078d1ac9338744f61a02 -> 
  custom:container-demuxer-ogg: 62fdf1f143b41e24485cea50d1cbac27 -> 
  custom:video-encoder-webm-vp8: eb34c28f22e8b96e1ab97ce403110664 -> 
  custom:video-decoder-webm-vp8: 9c59270c3fd7afecdb556c50c9e8de78 -> 
  custom:audio-decoder-ogg-vorbis: bf7c407c2cedff20999df2af8eb42d56 -> 
  custom:audio-encoder-webm-vorbis: bf7c407c2cedff20999df2af8eb42d56 -> 
========================================================================
Received Import Request.
  Time since last request: 213.052552 seconds.
  path: Assets/LowPolyFarmLite/Textures/LowPolyFarmLite_Texture_01.png
  artifactKey: Guid(7bc9a4bafdf20d7409ec5c6155c56f4e) Importer(815301076,1909f56bfc062723c751e8b465ee728b)
Start importing Assets/LowPolyFarmLite/Textures/LowPolyFarmLite_Texture_01.png using Guid(7bc9a4bafdf20d7409ec5c6155c56f4e) Importer(815301076,1909f56bfc062723c751e8b465ee728b)  -> (artifact id: '437592e3bff36f29a95985f53ae6bb92') in 0.062239 seconds 
  Import took 0.068390 seconds .

========================================================================
Received Import Request.
  Time since last request: 0.746676 seconds.
  path: Assets/Materials/10054752-stone-wall-texture-stone-decoration-of-house-wall-.mat
  artifactKey: Guid(80b58f4862ac491429ab05520b86b957) Importer(815301076,1909f56bfc062723c751e8b465ee728b)
Start importing Assets/Materials/10054752-stone-wall-texture-stone-decoration-of-house-wall-.mat using Guid(80b58f4862ac491429ab05520b86b957) Importer(815301076,1909f56bfc062723c751e8b465ee728b)  -> (artifact id: '6825f7168a54c252022fa3b829338170') in 0.061566 seconds 
  Import took 0.066602 seconds .

========================================================================
Received Import Request.
  Time since last request: 0.000296 seconds.
  path: Assets/Materials/Seamless-wood-pattern-01-700x707.mat
  artifactKey: Guid(e42631594425b2249be2dabcaaa09707) Importer(815301076,1909f56bfc062723c751e8b465ee728b)
Start importing Assets/Materials/Seamless-wood-pattern-01-700x707.mat using Guid(e42631594425b2249be2dabcaaa09707) Importer(815301076,1909f56bfc062723c751e8b465ee728b)  -> (artifact id: 'ea157993be019a8013485b59a2c0a634') in 0.027577 seconds 
  Import took 0.035177 seconds .

========================================================================
Received Import Request.
  Time since last request: 0.000284 seconds.
  path: Assets/Materials/download.mat
  artifactKey: Guid(fd81eab020c0ea34f98067957605b0dd) Importer(815301076,1909f56bfc062723c751e8b465ee728b)
Start importing Assets/Materials/download.mat using Guid(fd81eab020c0ea34f98067957605b0dd) Importer(815301076,1909f56bfc062723c751e8b465ee728b)  -> (artifact id: '3caf704cc7945e04e9bf26a22ea9f23c') in 0.023651 seconds 
  Import took 0.029394 seconds .

========================================================================
Received Import Request.
  Time since last request: 0.000266 seconds.
  path: Assets/Materials/istockphoto-501835801-612x612.mat
  artifactKey: Guid(0070c5b35483ad548a641d9788345f29) Importer(815301076,1909f56bfc062723c751e8b465ee728b)
Start importing Assets/Materials/istockphoto-501835801-612x612.mat using Guid(0070c5b35483ad548a641d9788345f29) Importer(815301076,1909f56bfc062723c751e8b465ee728b)  -> (artifact id: '3a5ef016f96ad3930d5e39bf32259543') in 0.030503 seconds 
  Import took 0.036442 seconds .

========================================================================
Received Import Request.
  Time since last request: 0.000338 seconds.
  path: Assets/Materials/istockphoto-1180138691-1024x1024.mat
  artifactKey: Guid(99aebf00c3a2e0f4487db5a5ffc762c0) Importer(815301076,1909f56bfc062723c751e8b465ee728b)
Start importing Assets/Materials/istockphoto-1180138691-1024x1024.mat using Guid(99aebf00c3a2e0f4487db5a5ffc762c0) Importer(815301076,1909f56bfc062723c751e8b465ee728b)  -> (artifact id: 'c6ec13cbcd63f7ee1a5f8688dc1c90df') in 0.027751 seconds 
  Import took 0.034188 seconds .

========================================================================
Received Import Request.
  Time since last request: 0.000357 seconds.
  path: Assets/Materials/istockphoto-521002690-170667a.mat
  artifactKey: Guid(f2e598997d2159c4692cfba5329555ff) Importer(815301076,1909f56bfc062723c751e8b465ee728b)
Start importing Assets/Materials/istockphoto-521002690-170667a.mat using Guid(f2e598997d2159c4692cfba5329555ff) Importer(815301076,1909f56bfc062723c751e8b465ee728b)  -> (artifact id: '6a3a4c6eb325f217fd578f56ddada15f') in 0.024767 seconds 
  Import took 0.030986 seconds .

========================================================================
Received Import Request.
  Time since last request: 21.032037 seconds.
  path: Assets/Stuff/Enemy.prefab
  artifactKey: Guid(7e9e4d146efffa94b82670a0ce9a2d4e) Importer(815301076,1909f56bfc062723c751e8b465ee728b)
Start importing Assets/Stuff/Enemy.prefab using Guid(7e9e4d146efffa94b82670a0ce9a2d4e) Importer(815301076,1909f56bfc062723c751e8b465ee728b)  -> (artifact id: '0edee67e0e7d528ea137ccedf5fcffb8') in 0.047052 seconds 
  Import took 0.052896 seconds .

========================================================================
Received Import Request.
  Time since last request: 0.000361 seconds.
  path: Assets/Stuff/Gun.prefab
  artifactKey: Guid(9291a5b9d9ce21c409bb9613ac1a3536) Importer(815301076,1909f56bfc062723c751e8b465ee728b)
Start importing Assets/Stuff/Gun.prefab using Guid(9291a5b9d9ce21c409bb9613ac1a3536) Importer(815301076,1909f56bfc062723c751e8b465ee728b)  -> (artifact id: 'bcbdc0c1c04f288e72f6edb15741cd8c') in 0.025118 seconds 
  Import took 0.030258 seconds .

========================================================================
Received Import Request.
  Time since last request: 0.000364 seconds.
  path: Assets/Stuff/Player.prefab
  artifactKey: Guid(83730297372d2ad4693b99e6b71361ee) Importer(815301076,1909f56bfc062723c751e8b465ee728b)
Start importing Assets/Stuff/Player.prefab using Guid(83730297372d2ad4693b99e6b71361ee) Importer(815301076,1909f56bfc062723c751e8b465ee728b)  -> (artifact id: 'ae32608ebf8d141fac668348e287dfc9') in 0.024232 seconds 
  Import took 0.031531 seconds .

========================================================================
Received Import Request.
  Time since last request: 1.308566 seconds.
  path: Assets/Textures/10054752-stone-wall-texture-stone-decoration-of-house-wall-.jpg
  artifactKey: Guid(9d2c09c72d3c2d14e9bc31806f3b78d9) Importer(815301076,1909f56bfc062723c751e8b465ee728b)
Start importing Assets/Textures/10054752-stone-wall-texture-stone-decoration-of-house-wall-.jpg using Guid(9d2c09c72d3c2d14e9bc31806f3b78d9) Importer(815301076,1909f56bfc062723c751e8b465ee728b)  -> (artifact id: '5d5114559183b3269b7357f907b4ed65') in 0.017686 seconds 
  Import took 0.024477 seconds .

========================================================================
Received Import Request.
  Time since last request: 0.000259 seconds.
  path: Assets/Textures/istockphoto-1180138691-1024x1024.jpg
  artifactKey: Guid(c19412d518da11343bd92fad16469821) Importer(815301076,1909f56bfc062723c751e8b465ee728b)
Start importing Assets/Textures/istockphoto-1180138691-1024x1024.jpg using Guid(c19412d518da11343bd92fad16469821) Importer(815301076,1909f56bfc062723c751e8b465ee728b)  -> (artifact id: '900013576e9c0fc313d8f128693feaf4') in 0.022781 seconds 
  Import took 0.029482 seconds .

========================================================================
Received Import Request.
  Time since last request: 0.000289 seconds.
  path: Assets/Textures/download.jpg
  artifactKey: Guid(748984fce8475bf41b485730cd6693b9) Importer(815301076,1909f56bfc062723c751e8b465ee728b)
Start importing Assets/Textures/download.jpg using Guid(748984fce8475bf41b485730cd6693b9) Importer(815301076,1909f56bfc062723c751e8b465ee728b)  -> (artifact id: '47fe52dce4015ee503d6fed72258e7bd') in 0.021090 seconds 
  Import took 0.029211 seconds .

========================================================================
Received Import Request.
  Time since last request: 0.000319 seconds.
  path: Assets/Textures/istockphoto-501835801-612x612.jpg
  artifactKey: Guid(599f9184f294faa439e2dbcdc6660bf0) Importer(815301076,1909f56bfc062723c751e8b465ee728b)
Start importing Assets/Textures/istockphoto-501835801-612x612.jpg using Guid(599f9184f294faa439e2dbcdc6660bf0) Importer(815301076,1909f56bfc062723c751e8b465ee728b)  -> (artifact id: '3e8af7c563e4440749a9a91c23186bcf') in 0.021108 seconds 
  Import took 0.026481 seconds .

========================================================================
Received Import Request.
  Time since last request: 0.000270 seconds.
  path: Assets/Textures/Seamless-wood-pattern-01-700x707.jpg
  artifactKey: Guid(e0038752b3ecf7249b814c4ef9621ba5) Importer(815301076,1909f56bfc062723c751e8b465ee728b)
Start importing Assets/Textures/Seamless-wood-pattern-01-700x707.jpg using Guid(e0038752b3ecf7249b814c4ef9621ba5) Importer(815301076,1909f56bfc062723c751e8b465ee728b)  -> (artifact id: '81effb14237bb2a7ce8466dc07b9edb1') in 0.025364 seconds 
  Import took 0.032298 seconds .

========================================================================
Received Import Request.
  Time since last request: 0.000333 seconds.
  path: Assets/Textures/istockphoto-521002690-170667a.jpg
  artifactKey: Guid(23e3616cd060e08468c64940c1d516b6) Importer(815301076,1909f56bfc062723c751e8b465ee728b)
Start importing Assets/Textures/istockphoto-521002690-170667a.jpg using Guid(23e3616cd060e08468c64940c1d516b6) Importer(815301076,1909f56bfc062723c751e8b465ee728b)  -> (artifact id: '7da1baacbb17a5768bbec4ca308c1e1d') in 0.019465 seconds 
  Import took 0.027695 seconds .

========================================================================
Received Prepare
Registering precompiled user dll's ...
Registered in 0.006843 seconds.
Begin MonoManager ReloadAssembly
Native extension for Lumin target not found
Native extension for WindowsStandalone target not found
Native extension for OSXStandalone target not found
Native extension for WebGL target not found
Refreshing native plugins compatible for Editor in 0.79 ms, found 2 plugins.
Preloading 0 native plugins for Editor in 0.00 ms.
Mono: successfully reloaded assembly
- Completed reload, in  1.938 seconds
Domain Reload Profiling:
	ReloadAssembly (1939ms)
		BeginReloadAssembly (230ms)
			ExecutionOrderSort (0ms)
			DisableScriptedObjects (7ms)
			BackupInstance (0ms)
			ReleaseScriptingObjects (0ms)
			CreateAndSetChildDomain (57ms)
		EndReloadAssembly (1595ms)
			LoadAssemblies (199ms)
			RebuildTransferFunctionScriptingTraits (0ms)
			SetupTypeCache (505ms)
			ReleaseScriptCaches (2ms)
			RebuildScriptCaches (83ms)
			SetupLoadedEditorAssemblies (615ms)
				LogAssemblyErrors (0ms)
				InitializePlatformSupportModulesInManaged (15ms)
				SetLoadedEditorAssemblies (1ms)
				RefreshPlugins (1ms)
				BeforeProcessingInitializeOnLoad (153ms)
				ProcessInitializeOnLoadAttributes (415ms)
				ProcessInitializeOnLoadMethodAttributes (16ms)
				AfterProcessingInitializeOnLoad (13ms)
				EditorAssembliesLoaded (1ms)
			ExecutionOrderSort2 (0ms)
			AwakeInstancesAfterBackupRestoration (15ms)
Platform modules already initialized, skipping
Refreshing native plugins compatible for Editor in 0.69 ms, found 2 plugins.
Preloading 0 native plugins for Editor in 0.00 ms.
Unloading 1853 Unused Serialized files (Serialized files now loaded: 0)
System memory in use before: 86.3 MB.
System memory in use after: 86.4 MB.

Unloading 15 unused Assets to reduce memory usage. Loaded Objects now: 2397.
Total: 8.528000 ms (FindLiveObjects: 0.342200 ms CreateObjectMapping: 0.226400 ms MarkObjects: 7.914900 ms  DeleteObjects: 0.042000 ms)

AssetImportParameters requested are different than current active one (requested -> active):
  custom:framework-win-MediaFoundation: 216162199b28c13a410421893ffa2e32 -> 
  custom:video-decoder-ogg-theora: a1e56fd34408186e4bbccfd4996cb3dc -> 
  custom:container-muxer-webm: aa71ff27fc2769a1b78a27578f13a17b -> 
  custom:container-demuxer-webm: 4f35f7cbe854078d1ac9338744f61a02 -> 
  custom:container-demuxer-ogg: 62fdf1f143b41e24485cea50d1cbac27 -> 
  custom:video-encoder-webm-vp8: eb34c28f22e8b96e1ab97ce403110664 -> 
  custom:video-decoder-webm-vp8: 9c59270c3fd7afecdb556c50c9e8de78 -> 
  custom:audio-decoder-ogg-vorbis: bf7c407c2cedff20999df2af8eb42d56 -> 
  custom:audio-encoder-webm-vorbis: bf7c407c2cedff20999df2af8eb42d56 -> 
========================================================================
Received Import Request.
  Time since last request: 53.225422 seconds.
  path: Assets/Textures/bella-wallpaper-blue-p7112-22306_image.jpg
  artifactKey: Guid(646ecb6d14c5099439a925a98ce03d8f) Importer(815301076,1909f56bfc062723c751e8b465ee728b)
Start importing Assets/Textures/bella-wallpaper-blue-p7112-22306_image.jpg using Guid(646ecb6d14c5099439a925a98ce03d8f) Importer(815301076,1909f56bfc062723c751e8b465ee728b)  -> (artifact id: '0612fde5c43b07ac8dabb1d451156169') in 0.071855 seconds 
  Import took 0.077983 seconds .

AssetImportWorkerClient::OnTransportError - code=2 error=End of file
